#
# A fatal error has been detected by the Java Runtime Environment:
#
#  EXCEPTION_ACCESS_VIOLATION (0xc0000005) at pc=0x00007ffa1d128f15, pid=14068, tid=8400
#
# JRE version: OpenJDK Runtime Environment Corretto-11.0.18.10.1 (11.0.18+10) (build 11.0.18+10-LTS)
# Java VM: OpenJDK 64-Bit Server VM Corretto-11.0.18.10.1 (11.0.18+10-LTS, mixed mode, tiered, compressed oops, g1 gc, windows-amd64)
# Problematic frame:
# V  [jvm.dll+0x2e8f15]
#
# No core dump will be written. Minidumps are not enabled by default on client versions of Windows
#
# If you would like to submit a bug report, please visit:
#   https://github.com/corretto/corretto-11/issues/
#

---------------  S U M M A R Y ------------

Command Line: --add-opens=java.base/java.util=ALL-UNNAMED --add-opens=java.base/java.lang=ALL-UNNAMED --add-opens=java.base/java.lang.invoke=ALL-UNNAMED --add-opens=java.prefs/java.util.prefs=ALL-UNNAMED --add-opens=java.base/java.nio.charset=ALL-UNNAMED --add-opens=java.base/java.net=ALL-UNNAMED --add-opens=java.base/java.util.concurrent.atomic=ALL-UNNAMED -XX:MaxMetaspaceSize=256m -XX:+HeapDumpOnOutOfMemoryError -Xms256m -Xmx512m -Dfile.encoding=windows-1251 -Duser.country=RU -Duser.language=ru -Duser.variant org.gradle.launcher.daemon.bootstrap.GradleDaemon 7.6

Host: Intel(R) Core(TM) i5-2430M CPU @ 2.40GHz, 4 cores, 7G,  Windows 10 , 64 bit Build 19041 (10.0.19041.1806)
Time: Sat Jun 24 20:43:58 2023  Windows 10 , 64 bit Build 19041 (10.0.19041.1806) elapsed time: 38.761052 seconds (0d 0h 0m 38s)

---------------  T H R E A D  ---------------

Current thread (0x00000164f1324000):  GCTaskThread "GC Thread#2" [stack: 0x00000045a5000000,0x00000045a5100000] [id=8400]

Stack: [0x00000045a5000000,0x00000045a5100000],  sp=0x00000045a50fdf40,  free space=1015k
Native frames: (J=compiled Java code, j=interpreted, Vv=VM code, C=native code)
V  [jvm.dll+0x2e8f15]
V  [jvm.dll+0x31a1dd]
V  [jvm.dll+0x2d6731]
V  [jvm.dll+0x2d6459]
V  [jvm.dll+0x770c77]
V  [jvm.dll+0x771110]
V  [jvm.dll+0x31ad05]
V  [jvm.dll+0x31a808]
V  [jvm.dll+0x2eb7a3]
V  [jvm.dll+0x7e0d30]
V  [jvm.dll+0x76bcc4]
V  [jvm.dll+0x621c05]
C  [ucrtbase.dll+0x21bb2]
C  [KERNEL32.DLL+0x17034]
C  [ntdll.dll+0x52651]

JavaThread 0x00000164f02ab800 (nid = 7508) was being processed
Java frames: (J=compiled Java code, j=interpreted, Vv=VM code)
j  java.lang.ref.Reference.waitForReferencePendingList()V+0 java.base@11.0.18
j  java.lang.ref.Reference.processPendingReferences()V+0 java.base@11.0.18
j  java.lang.ref.Reference$ReferenceHandler.run()V+0 java.base@11.0.18
v  ~StubRoutines::call_stub

siginfo: EXCEPTION_ACCESS_VIOLATION (0xc0000005), reading address 0x0000000000000160


Register to memory mapping:

RIP=0x00007ffa1d128f15 jvm.dll
RAX=0x00000164d532ba00 points into unknown readable memory: 0x0000000000000000 | 00 00 00 00 00 00 00 00
RBX=0x00000004e057ae80 is an unknown value
RCX=0x0000000000000014 is an unknown value
RDX=0x0 is NULL
RSP=0x00000045a50fdf40 points into unknown readable memory: 0x0000000000000000 | 00 00 00 00 00 00 00 00
RBP=0x0 is NULL
RSI=0x00000045a45ff4b0 is pointing into the stack for thread: 0x00000164f02ab800
RDI=0x00000004e057ae80 is an unknown value
R8 =0x00000004e057ae80 is an unknown value
R9 =0x0 is NULL
R10=0x0 is NULL
R11=0x00000045a50fe128 points into unknown readable memory: 0x00007ffa1d116459 | 59 64 11 1d fa 7f 00 00
R12=0x0 is NULL
R13=0x00000000000003d8 is an unknown value
R14=0x00000045a50fe270 points into unknown readable memory: 0x00000045a50fe320 | 20 e3 0f a5 45 00 00 00
R15=0x00000164d53391a0 points into unknown readable memory: 0x00000164d533c000 | 00 c0 33 d5 64 01 00 00


Registers:
RAX=0x00000164d532ba00, RBX=0x00000004e057ae80, RCX=0x0000000000000014, RDX=0x0000000000000000
RSP=0x00000045a50fdf40, RBP=0x0000000000000000, RSI=0x00000045a45ff4b0, RDI=0x00000004e057ae80
R8 =0x00000004e057ae80, R9 =0x0000000000000000, R10=0x0000000000000000, R11=0x00000045a50fe128
R12=0x0000000000000000, R13=0x00000000000003d8, R14=0x00000045a50fe270, R15=0x00000164d53391a0
RIP=0x00007ffa1d128f15, EFLAGS=0x0000000000010206

Top of Stack: (sp=0x00000045a50fdf40)
0x00000045a50fdf40:   0000000000000000 00000045a50fe0a8
0x00000045a50fdf50:   0000000000000000 00000045a50fe0b0
0x00000045a50fdf60:   00000164f17fde70 0000000000000000
0x00000045a50fdf70:   00000164f17fddf8 00007ffa1d15a1dd
0x00000045a50fdf80:   0000000000000000 00000045a50fe0a8
0x00000045a50fdf90:   00000164f17fde70 00000045a50fe0b0
0x00000045a50fdfa0:   00000164f17fddf8 00007ffa1d116731
0x00000045a50fdfb0:   00000045a45ff488 00000045a50fe240
0x00000045a50fdfc0:   00000045a50fe0b0 00000164f17fde70
0x00000045a50fdfd0:   00000045a50fe001 00000164f0305528
0x00000045a50fdfe0:   00000164f1324000 00007ffa00000000
0x00000045a50fdff0:   00000164f1324000 00000164f1d56f88
0x00000045a50fe000:   00000164de3b2d10 00000164f52c1e70
0x00000045a50fe010:   00000164000000b7 00000164f52c1ea8
0x00000045a50fe020:   00000045a50fe099 00000045a50fe181
0x00000045a50fe030:   0000000000000000 00000164de3b2f08 

Instructions: (pc=0x00007ffa1d128f15)
0x00007ffa1d128e15:   c0 74 12 48 3b f8 72 16 48 3b bb a0 00 00 00 0f
0x00007ffa1d128e25:   82 9b 00 00 00 48 3b f9 0f 83 92 00 00 00 80 3d
0x00007ffa1d128e35:   17 a3 7c 00 00 74 15 8b 47 08 8b 0d 13 ea 77 00
0x00007ffa1d128e45:   48 d3 e0 48 03 05 01 ea 77 00 eb 04 48 8b 47 08
0x00007ffa1d128e55:   81 78 08 00 00 00 c0 72 35 48 8b 83 b0 00 00 00
0x00007ffa1d128e65:   48 39 83 a8 00 00 00 73 10 48 8b 83 c8 00 00 00
0x00007ffa1d128e75:   48 39 83 c0 00 00 00 72 47 48 8b cb e8 7a 9e 00
0x00007ffa1d128e85:   00 b0 01 48 8b 5c 24 38 48 83 c4 20 5f c3 48 8b
0x00007ffa1d128e95:   4b 30 48 8d 54 24 30 48 89 7c 24 30 e8 9a 18 00
0x00007ffa1d128ea5:   00 84 c0 75 1b 48 8b cb e8 be 90 00 00 48 8b 4b
0x00007ffa1d128eb5:   30 48 8d 54 24 40 48 89 7c 24 40 e8 7b 18 00 00
0x00007ffa1d128ec5:   48 8b 5c 24 38 b0 01 48 83 c4 20 5f c3 cc cc cc
0x00007ffa1d128ed5:   cc cc cc cc cc cc cc cc cc cc cc 48 89 6c 24 20
0x00007ffa1d128ee5:   57 41 54 41 57 48 83 ec 20 48 8b 41 08 4c 8b f9
0x00007ffa1d128ef5:   4d 8b d0 44 8b e2 49 8b e9 49 8b f8 8b 88 c0 02
0x00007ffa1d128f05:   00 00 48 8b 80 b0 02 00 00 49 d3 ea 4e 8b 14 d0
0x00007ffa1d128f15:   4d 3b 82 60 01 00 00 72 11 32 c0 48 8b 6c 24 58
0x00007ffa1d128f25:   48 83 c4 20 41 5f 41 5c 5f c3 49 8b 87 90 00 00
0x00007ffa1d128f35:   00 48 8b d7 48 89 5c 24 40 48 89 74 24 48 be 01
0x00007ffa1d128f45:   00 00 00 4c 89 74 24 50 48 2b 10 8b 48 10 48 8b
0x00007ffa1d128f55:   40 18 48 c1 ea 03 48 d3 ea 48 8b ca 48 c1 e9 06
0x00007ffa1d128f65:   48 8b 1c c8 4c 8d 34 c8 0f b6 ca 48 8b c3 80 e1
0x00007ffa1d128f75:   3f 48 d3 e6 48 0b c6 48 3b c3 74 35 0f 1f 40 00
0x00007ffa1d128f85:   66 66 66 0f 1f 84 00 00 00 00 00 4c 8b 0d 41 bc
0x00007ffa1d128f95:   77 00 4c 8b c3 49 8b d6 48 8b c8 41 ff d1 48 8b
0x00007ffa1d128fa5:   c8 48 3b c3 74 30 48 8b d8 48 0b c6 48 3b c3 75
0x00007ffa1d128fb5:   da 40 32 f6 4c 8b 74 24 50 40 0f b6 c6 48 8b 74
0x00007ffa1d128fc5:   24 48 48 8b 5c 24 40 48 8b 6c 24 58 48 83 c4 20
0x00007ffa1d128fd5:   41 5f 41 5c 5f c3 40 b6 01 48 85 ed 75 2d 40 38
0x00007ffa1d128fe5:   2d 67 a1 7c 00 74 15 8b 57 08 8b 0d 63 e8 77 00
0x00007ffa1d128ff5:   48 d3 e2 48 03 15 51 e8 77 00 eb 04 48 8b 57 08
0x00007ffa1d129005:   48 8b cf e8 f3 ad ea ff 48 63 e8 49 8b 87 f0 02 


Stack slot to memory mapping:
stack at sp + 0 slots: 0x0 is NULL
stack at sp + 1 slots: 0x00000045a50fe0a8 points into unknown readable memory: 0x00000164f0305380 | 80 53 30 f0 64 01 00 00
stack at sp + 2 slots: 0x0 is NULL
stack at sp + 3 slots: 0x00000045a50fe0b0 points into unknown readable memory: 0x0000000000000000 | 00 00 00 00 00 00 00 00
stack at sp + 4 slots: 0x00000164f17fde70 points into unknown readable memory: 0x00007ffa1d7002a0 | a0 02 70 1d fa 7f 00 00
stack at sp + 5 slots: 0x0 is NULL
stack at sp + 6 slots: 0x00000164f17fddf8 points into unknown readable memory: 0x00007ffa1d700338 | 38 03 70 1d fa 7f 00 00
stack at sp + 7 slots: 0x00007ffa1d15a1dd jvm.dll


---------------  P R O C E S S  ---------------

Threads class SMR info:
_java_thread_list=0x00000164f2d44290, length=22, elements={
0x00000164d5310800, 0x00000164f02ab800, 0x00000164f02b5000, 0x00000164f02be000,
0x00000164f02bf000, 0x00000164f02c0800, 0x00000164f02c3800, 0x00000164f02ce000,
0x00000164f0c25000, 0x00000164f0d86000, 0x00000164f1a29800, 0x00000164f2442800,
0x00000164f33b8000, 0x00000164f1a5a800, 0x00000164f35d9800, 0x00000164f3011800,
0x00000164f1009000, 0x00000164f1d18000, 0x00000164f211d000, 0x00000164f1886800,
0x00000164f2dc9800, 0x00000164f2dca800
}

Java Threads: ( => current thread )
  0x00000164d5310800 JavaThread "main" [_thread_blocked, id=8748, stack(0x00000045a3e00000,0x00000045a3f00000)]
  0x00000164f02ab800 JavaThread "Reference Handler" daemon [_thread_blocked, id=7508, stack(0x00000045a4500000,0x00000045a4600000)]
  0x00000164f02b5000 JavaThread "Finalizer" daemon [_thread_blocked, id=11124, stack(0x00000045a4600000,0x00000045a4700000)]
  0x00000164f02be000 JavaThread "Signal Dispatcher" daemon [_thread_blocked, id=11936, stack(0x00000045a4700000,0x00000045a4800000)]
  0x00000164f02bf000 JavaThread "Attach Listener" daemon [_thread_blocked, id=8140, stack(0x00000045a4800000,0x00000045a4900000)]
  0x00000164f02c0800 JavaThread "Service Thread" daemon [_thread_blocked, id=15148, stack(0x00000045a4900000,0x00000045a4a00000)]
  0x00000164f02c3800 JavaThread "C2 CompilerThread0" daemon [_thread_blocked, id=13740, stack(0x00000045a4a00000,0x00000045a4b00000)]
  0x00000164f02ce000 JavaThread "C1 CompilerThread0" daemon [_thread_blocked, id=9396, stack(0x00000045a4b00000,0x00000045a4c00000)]
  0x00000164f0c25000 JavaThread "Sweeper thread" daemon [_thread_blocked, id=14472, stack(0x00000045a4c00000,0x00000045a4d00000)]
  0x00000164f0d86000 JavaThread "Common-Cleaner" daemon [_thread_blocked, id=10236, stack(0x00000045a4d00000,0x00000045a4e00000)]
  0x00000164f1a29800 JavaThread "Daemon health stats" [_thread_blocked, id=9800, stack(0x00000045a5300000,0x00000045a5400000)]
  0x00000164f2442800 JavaThread "Incoming local TCP Connector on port 54462" [_thread_in_native, id=13984, stack(0x00000045a5200000,0x00000045a5300000)]
  0x00000164f33b8000 JavaThread "Daemon periodic checks" [_thread_blocked, id=15296, stack(0x00000045a5400000,0x00000045a5500000)]
  0x00000164f1a5a800 JavaThread "Daemon" [_thread_blocked, id=812, stack(0x00000045a5500000,0x00000045a5600000)]
  0x00000164f35d9800 JavaThread "Handler for socket connection from /127.0.0.1:54462 to /127.0.0.1:54463" [_thread_in_native, id=12196, stack(0x00000045a5600000,0x00000045a5700000)]
  0x00000164f3011800 JavaThread "Cancel handler" [_thread_blocked, id=7448, stack(0x00000045a5700000,0x00000045a5800000)]
  0x00000164f1009000 JavaThread "Daemon worker" [_thread_blocked, id=4584, stack(0x00000045a5800000,0x00000045a5900000)]
  0x00000164f1d18000 JavaThread "Asynchronous log dispatcher for DefaultDaemonConnection: socket connection from /127.0.0.1:54462 to /127.0.0.1:54463" [_thread_blocked, id=5864, stack(0x00000045a5900000,0x00000045a5a00000)]
  0x00000164f211d000 JavaThread "Stdin handler" [_thread_blocked, id=9488, stack(0x00000045a5a00000,0x00000045a5b00000)]
  0x00000164f1886800 JavaThread "Daemon client event forwarder" [_thread_blocked, id=8228, stack(0x00000045a5b00000,0x00000045a5c00000)]
  0x00000164f2dc9800 JavaThread "Cache worker for journal cache (C:\Users\user\.gradle\caches\journal-1)" [_thread_blocked, id=10436, stack(0x00000045a5c00000,0x00000045a5d00000)]
  0x00000164f2dca800 JavaThread "File lock request listener" [_thread_in_native, id=8204, stack(0x00000045a5d00000,0x00000045a5e00000)]

Other Threads:
  0x00000164f0276000 VMThread "VM Thread" [stack: 0x00000045a4400000,0x00000045a4500000] [id=2764]
  0x00000164f0d8f000 WatcherThread [stack: 0x00000045a4e00000,0x00000045a4f00000] [id=15052]
  0x00000164d5328800 GCTaskThread "GC Thread#0" [stack: 0x00000045a3f00000,0x00000045a4000000] [id=4536]
  0x00000164f0e37800 GCTaskThread "GC Thread#1" [stack: 0x00000045a4f00000,0x00000045a5000000] [id=4896]
=>0x00000164f1324000 GCTaskThread "GC Thread#2" [stack: 0x00000045a5000000,0x00000045a5100000] [id=8400]
  0x00000164f137f000 GCTaskThread "GC Thread#3" [stack: 0x00000045a5100000,0x00000045a5200000] [id=6600]
  0x00000164d533c000 ConcurrentGCThread "G1 Main Marker" [stack: 0x00000045a4000000,0x00000045a4100000] [id=12096]
  0x00000164d533e000 ConcurrentGCThread "G1 Conc#0" [stack: 0x00000045a4100000,0x00000045a4200000] [id=1980]
  0x00000164d53ee800 ConcurrentGCThread "G1 Refine#0" [stack: 0x00000045a4200000,0x00000045a4300000] [id=5520]
  0x00000164f010c800 ConcurrentGCThread "G1 Young RemSet Sampling" [stack: 0x00000045a4300000,0x00000045a4400000] [id=11536]

Threads with active compile tasks:
C2 CompilerThread0    38952 1952 %     4       java.io.WinNTFileSystem::normalize @ 58 (224 bytes)
C1 CompilerThread0    38952 1967       3       sun.reflect.generics.parser.SignatureParser::markToCurrent (16 bytes)

VM state:at safepoint (normal execution)

VM Mutex/Monitor currently owned by a thread:  ([mutex/lock_event])
[0x00000164d530ca50] Threads_lock - owner thread: 0x00000164f0276000
[0x00000164d530da10] Heap_lock - owner thread: 0x00000164f02ce000
[0x00000164d530d3e0] MethodData_lock - owner thread: 0x00000164f02ce000

Heap address: 0x00000000e0000000, size: 512 MB, Compressed Oops mode: 32-bit
Narrow klass base: 0x0000000000000000, Narrow klass shift: 3
Compressed class space size: 260046848 Address: 0x0000000100000000

Heap:
 garbage-first heap   total 262144K, used 44292K [0x00000000e0000000, 0x0000000100000000)
  region size 1024K, 28 young (28672K), 1 survivors (1024K)
 Metaspace       used 20762K, capacity 21208K, committed 21296K, reserved 274432K
  class space    used 2511K, capacity 2650K, committed 2688K, reserved 253952K
Heap Regions: E=young(eden), S=young(survivor), O=old, HS=humongous(starts), HC=humongous(continues), CS=collection set, F=free, A=archive, TAMS=top-at-mark-start (previous, next)
|   0|0x00000000e0000000, 0x00000000e0100000, 0x00000000e0100000|100%|HS|  |TAMS 0x00000000e0000000, 0x00000000e0100000| Complete 
|   1|0x00000000e0100000, 0x00000000e0200000, 0x00000000e0200000|100%|HC|  |TAMS 0x00000000e0100000, 0x00000000e0200000| Complete 
|   2|0x00000000e0200000, 0x00000000e0300000, 0x00000000e0300000|100%|HC|  |TAMS 0x00000000e0200000, 0x00000000e0300000| Complete 
|   3|0x00000000e0300000, 0x00000000e0400000, 0x00000000e0400000|100%| O|  |TAMS 0x00000000e0300000, 0x00000000e0400000| Untracked 
|   4|0x00000000e0400000, 0x00000000e0500000, 0x00000000e0500000|100%| O|  |TAMS 0x00000000e0400000, 0x00000000e0500000| Untracked 
|   5|0x00000000e0500000, 0x00000000e0600000, 0x00000000e0600000|100%| O|  |TAMS 0x00000000e0500000, 0x00000000e0600000| Untracked 
|   6|0x00000000e0600000, 0x00000000e0700000, 0x00000000e0700000|100%| O|  |TAMS 0x00000000e0600000, 0x00000000e0700000| Untracked 
|   7|0x00000000e0700000, 0x00000000e0800000, 0x00000000e0800000|100%| O|  |TAMS 0x00000000e0700000, 0x00000000e0800000| Untracked 
|   8|0x00000000e0800000, 0x00000000e0900000, 0x00000000e0900000|100%| O|  |TAMS 0x00000000e0800000, 0x00000000e0900000| Untracked 
|   9|0x00000000e0900000, 0x00000000e0a00000, 0x00000000e0a00000|100%| O|  |TAMS 0x00000000e0900000, 0x00000000e0a00000| Untracked 
|  10|0x00000000e0a00000, 0x00000000e0b00000, 0x00000000e0b00000|100%| O|  |TAMS 0x00000000e0a00000, 0x00000000e0b00000| Untracked 
|  11|0x00000000e0b00000, 0x00000000e0c00000, 0x00000000e0c00000|100%| O|  |TAMS 0x00000000e0b00000, 0x00000000e0c00000| Untracked 
|  12|0x00000000e0c00000, 0x00000000e0d00000, 0x00000000e0d00000|100%| O|  |TAMS 0x00000000e0c00000, 0x00000000e0d00000| Untracked 
|  13|0x00000000e0d00000, 0x00000000e0e00000, 0x00000000e0e00000|100%| O|  |TAMS 0x00000000e0d00000, 0x00000000e0e00000| Untracked 
|  14|0x00000000e0e00000, 0x00000000e0f00000, 0x00000000e0f00000|100%| O|  |TAMS 0x00000000e0e00000, 0x00000000e0f00000| Untracked 
|  15|0x00000000e0f00000, 0x00000000e0f6a520, 0x00000000e1000000| 41%| O|  |TAMS 0x00000000e0f00000, 0x00000000e1000000| Untracked 
|  16|0x00000000e1000000, 0x00000000e1000000, 0x00000000e1100000|  0%| F|  |TAMS 0x00000000e1000000, 0x00000000e1000000| Untracked 
|  17|0x00000000e1100000, 0x00000000e1100000, 0x00000000e1200000|  0%| F|  |TAMS 0x00000000e1100000, 0x00000000e1100000| Untracked 
|  18|0x00000000e1200000, 0x00000000e1200000, 0x00000000e1300000|  0%| F|  |TAMS 0x00000000e1200000, 0x00000000e1200000| Untracked 
|  19|0x00000000e1300000, 0x00000000e1300000, 0x00000000e1400000|  0%| F|  |TAMS 0x00000000e1300000, 0x00000000e1300000| Untracked 
|  20|0x00000000e1400000, 0x00000000e1400000, 0x00000000e1500000|  0%| F|  |TAMS 0x00000000e1400000, 0x00000000e1400000| Untracked 
|  21|0x00000000e1500000, 0x00000000e1500000, 0x00000000e1600000|  0%| F|  |TAMS 0x00000000e1500000, 0x00000000e1500000| Untracked 
|  22|0x00000000e1600000, 0x00000000e1600000, 0x00000000e1700000|  0%| F|  |TAMS 0x00000000e1600000, 0x00000000e1600000| Untracked 
|  23|0x00000000e1700000, 0x00000000e1700000, 0x00000000e1800000|  0%| F|  |TAMS 0x00000000e1700000, 0x00000000e1700000| Untracked 
|  24|0x00000000e1800000, 0x00000000e1800000, 0x00000000e1900000|  0%| F|  |TAMS 0x00000000e1800000, 0x00000000e1800000| Untracked 
|  25|0x00000000e1900000, 0x00000000e1900000, 0x00000000e1a00000|  0%| F|  |TAMS 0x00000000e1900000, 0x00000000e1900000| Untracked 
|  26|0x00000000e1a00000, 0x00000000e1a00000, 0x00000000e1b00000|  0%| F|  |TAMS 0x00000000e1a00000, 0x00000000e1a00000| Untracked 
|  27|0x00000000e1b00000, 0x00000000e1b00000, 0x00000000e1c00000|  0%| F|  |TAMS 0x00000000e1b00000, 0x00000000e1b00000| Untracked 
|  28|0x00000000e1c00000, 0x00000000e1c00000, 0x00000000e1d00000|  0%| F|  |TAMS 0x00000000e1c00000, 0x00000000e1c00000| Untracked 
|  29|0x00000000e1d00000, 0x00000000e1d00000, 0x00000000e1e00000|  0%| F|  |TAMS 0x00000000e1d00000, 0x00000000e1d00000| Untracked 
|  30|0x00000000e1e00000, 0x00000000e1e00000, 0x00000000e1f00000|  0%| F|  |TAMS 0x00000000e1e00000, 0x00000000e1e00000| Untracked 
|  31|0x00000000e1f00000, 0x00000000e1f00000, 0x00000000e2000000|  0%| F|  |TAMS 0x00000000e1f00000, 0x00000000e1f00000| Untracked 
|  32|0x00000000e2000000, 0x00000000e2000000, 0x00000000e2100000|  0%| F|  |TAMS 0x00000000e2000000, 0x00000000e2000000| Untracked 
|  33|0x00000000e2100000, 0x00000000e2100000, 0x00000000e2200000|  0%| F|  |TAMS 0x00000000e2100000, 0x00000000e2100000| Untracked 
|  34|0x00000000e2200000, 0x00000000e2200000, 0x00000000e2300000|  0%| F|  |TAMS 0x00000000e2200000, 0x00000000e2200000| Untracked 
|  35|0x00000000e2300000, 0x00000000e2300000, 0x00000000e2400000|  0%| F|  |TAMS 0x00000000e2300000, 0x00000000e2300000| Untracked 
|  36|0x00000000e2400000, 0x00000000e2400000, 0x00000000e2500000|  0%| F|  |TAMS 0x00000000e2400000, 0x00000000e2400000| Untracked 
|  37|0x00000000e2500000, 0x00000000e2500000, 0x00000000e2600000|  0%| F|  |TAMS 0x00000000e2500000, 0x00000000e2500000| Untracked 
|  38|0x00000000e2600000, 0x00000000e2600000, 0x00000000e2700000|  0%| F|  |TAMS 0x00000000e2600000, 0x00000000e2600000| Untracked 
|  39|0x00000000e2700000, 0x00000000e2700000, 0x00000000e2800000|  0%| F|  |TAMS 0x00000000e2700000, 0x00000000e2700000| Untracked 
|  40|0x00000000e2800000, 0x00000000e2800000, 0x00000000e2900000|  0%| F|  |TAMS 0x00000000e2800000, 0x00000000e2800000| Untracked 
|  41|0x00000000e2900000, 0x00000000e2900000, 0x00000000e2a00000|  0%| F|  |TAMS 0x00000000e2900000, 0x00000000e2900000| Untracked 
|  42|0x00000000e2a00000, 0x00000000e2a00000, 0x00000000e2b00000|  0%| F|  |TAMS 0x00000000e2a00000, 0x00000000e2a00000| Untracked 
|  43|0x00000000e2b00000, 0x00000000e2b00000, 0x00000000e2c00000|  0%| F|  |TAMS 0x00000000e2b00000, 0x00000000e2b00000| Untracked 
|  44|0x00000000e2c00000, 0x00000000e2c00000, 0x00000000e2d00000|  0%| F|  |TAMS 0x00000000e2c00000, 0x00000000e2c00000| Untracked 
|  45|0x00000000e2d00000, 0x00000000e2d00000, 0x00000000e2e00000|  0%| F|  |TAMS 0x00000000e2d00000, 0x00000000e2d00000| Untracked 
|  46|0x00000000e2e00000, 0x00000000e2e00000, 0x00000000e2f00000|  0%| F|  |TAMS 0x00000000e2e00000, 0x00000000e2e00000| Untracked 
|  47|0x00000000e2f00000, 0x00000000e2f00000, 0x00000000e3000000|  0%| F|  |TAMS 0x00000000e2f00000, 0x00000000e2f00000| Untracked 
|  48|0x00000000e3000000, 0x00000000e3000000, 0x00000000e3100000|  0%| F|  |TAMS 0x00000000e3000000, 0x00000000e3000000| Untracked 
|  49|0x00000000e3100000, 0x00000000e3100000, 0x00000000e3200000|  0%| F|  |TAMS 0x00000000e3100000, 0x00000000e3100000| Untracked 
|  50|0x00000000e3200000, 0x00000000e3200000, 0x00000000e3300000|  0%| F|  |TAMS 0x00000000e3200000, 0x00000000e3200000| Untracked 
|  51|0x00000000e3300000, 0x00000000e3300000, 0x00000000e3400000|  0%| F|  |TAMS 0x00000000e3300000, 0x00000000e3300000| Untracked 
|  52|0x00000000e3400000, 0x00000000e3400000, 0x00000000e3500000|  0%| F|  |TAMS 0x00000000e3400000, 0x00000000e3400000| Untracked 
|  53|0x00000000e3500000, 0x00000000e3500000, 0x00000000e3600000|  0%| F|  |TAMS 0x00000000e3500000, 0x00000000e3500000| Untracked 
|  54|0x00000000e3600000, 0x00000000e3600000, 0x00000000e3700000|  0%| F|  |TAMS 0x00000000e3600000, 0x00000000e3600000| Untracked 
|  55|0x00000000e3700000, 0x00000000e3700000, 0x00000000e3800000|  0%| F|  |TAMS 0x00000000e3700000, 0x00000000e3700000| Untracked 
|  56|0x00000000e3800000, 0x00000000e3800000, 0x00000000e3900000|  0%| F|  |TAMS 0x00000000e3800000, 0x00000000e3800000| Untracked 
|  57|0x00000000e3900000, 0x00000000e3900000, 0x00000000e3a00000|  0%| F|  |TAMS 0x00000000e3900000, 0x00000000e3900000| Untracked 
|  58|0x00000000e3a00000, 0x00000000e3a00000, 0x00000000e3b00000|  0%| F|  |TAMS 0x00000000e3a00000, 0x00000000e3a00000| Untracked 
|  59|0x00000000e3b00000, 0x00000000e3b00000, 0x00000000e3c00000|  0%| F|  |TAMS 0x00000000e3b00000, 0x00000000e3b00000| Untracked 
|  60|0x00000000e3c00000, 0x00000000e3c00000, 0x00000000e3d00000|  0%| F|  |TAMS 0x00000000e3c00000, 0x00000000e3c00000| Untracked 
|  61|0x00000000e3d00000, 0x00000000e3d00000, 0x00000000e3e00000|  0%| F|  |TAMS 0x00000000e3d00000, 0x00000000e3d00000| Untracked 
|  62|0x00000000e3e00000, 0x00000000e3e00000, 0x00000000e3f00000|  0%| F|  |TAMS 0x00000000e3e00000, 0x00000000e3e00000| Untracked 
|  63|0x00000000e3f00000, 0x00000000e3f00000, 0x00000000e4000000|  0%| F|  |TAMS 0x00000000e3f00000, 0x00000000e3f00000| Untracked 
|  64|0x00000000e4000000, 0x00000000e4000000, 0x00000000e4100000|  0%| F|  |TAMS 0x00000000e4000000, 0x00000000e4000000| Untracked 
|  65|0x00000000e4100000, 0x00000000e4100000, 0x00000000e4200000|  0%| F|  |TAMS 0x00000000e4100000, 0x00000000e4100000| Untracked 
|  66|0x00000000e4200000, 0x00000000e4200000, 0x00000000e4300000|  0%| F|  |TAMS 0x00000000e4200000, 0x00000000e4200000| Untracked 
|  67|0x00000000e4300000, 0x00000000e4300000, 0x00000000e4400000|  0%| F|  |TAMS 0x00000000e4300000, 0x00000000e4300000| Untracked 
|  68|0x00000000e4400000, 0x00000000e4400000, 0x00000000e4500000|  0%| F|  |TAMS 0x00000000e4400000, 0x00000000e4400000| Untracked 
|  69|0x00000000e4500000, 0x00000000e4500000, 0x00000000e4600000|  0%| F|  |TAMS 0x00000000e4500000, 0x00000000e4500000| Untracked 
|  70|0x00000000e4600000, 0x00000000e4600000, 0x00000000e4700000|  0%| F|  |TAMS 0x00000000e4600000, 0x00000000e4600000| Untracked 
|  71|0x00000000e4700000, 0x00000000e4700000, 0x00000000e4800000|  0%| F|  |TAMS 0x00000000e4700000, 0x00000000e4700000| Untracked 
|  72|0x00000000e4800000, 0x00000000e4800000, 0x00000000e4900000|  0%| F|  |TAMS 0x00000000e4800000, 0x00000000e4800000| Untracked 
|  73|0x00000000e4900000, 0x00000000e4900000, 0x00000000e4a00000|  0%| F|  |TAMS 0x00000000e4900000, 0x00000000e4900000| Untracked 
|  74|0x00000000e4a00000, 0x00000000e4a00000, 0x00000000e4b00000|  0%| F|  |TAMS 0x00000000e4a00000, 0x00000000e4a00000| Untracked 
|  75|0x00000000e4b00000, 0x00000000e4b00000, 0x00000000e4c00000|  0%| F|  |TAMS 0x00000000e4b00000, 0x00000000e4b00000| Untracked 
|  76|0x00000000e4c00000, 0x00000000e4c00000, 0x00000000e4d00000|  0%| F|  |TAMS 0x00000000e4c00000, 0x00000000e4c00000| Untracked 
|  77|0x00000000e4d00000, 0x00000000e4d00000, 0x00000000e4e00000|  0%| F|  |TAMS 0x00000000e4d00000, 0x00000000e4d00000| Untracked 
|  78|0x00000000e4e00000, 0x00000000e4e00000, 0x00000000e4f00000|  0%| F|  |TAMS 0x00000000e4e00000, 0x00000000e4e00000| Untracked 
|  79|0x00000000e4f00000, 0x00000000e4f00000, 0x00000000e5000000|  0%| F|  |TAMS 0x00000000e4f00000, 0x00000000e4f00000| Untracked 
|  80|0x00000000e5000000, 0x00000000e5000000, 0x00000000e5100000|  0%| F|  |TAMS 0x00000000e5000000, 0x00000000e5000000| Untracked 
|  81|0x00000000e5100000, 0x00000000e5100000, 0x00000000e5200000|  0%| F|  |TAMS 0x00000000e5100000, 0x00000000e5100000| Untracked 
|  82|0x00000000e5200000, 0x00000000e5200000, 0x00000000e5300000|  0%| F|  |TAMS 0x00000000e5200000, 0x00000000e5200000| Untracked 
|  83|0x00000000e5300000, 0x00000000e5300000, 0x00000000e5400000|  0%| F|  |TAMS 0x00000000e5300000, 0x00000000e5300000| Untracked 
|  84|0x00000000e5400000, 0x00000000e5400000, 0x00000000e5500000|  0%| F|  |TAMS 0x00000000e5400000, 0x00000000e5400000| Untracked 
|  85|0x00000000e5500000, 0x00000000e5500000, 0x00000000e5600000|  0%| F|  |TAMS 0x00000000e5500000, 0x00000000e5500000| Untracked 
|  86|0x00000000e5600000, 0x00000000e5600000, 0x00000000e5700000|  0%| F|  |TAMS 0x00000000e5600000, 0x00000000e5600000| Untracked 
|  87|0x00000000e5700000, 0x00000000e5700000, 0x00000000e5800000|  0%| F|  |TAMS 0x00000000e5700000, 0x00000000e5700000| Untracked 
|  88|0x00000000e5800000, 0x00000000e5800000, 0x00000000e5900000|  0%| F|  |TAMS 0x00000000e5800000, 0x00000000e5800000| Untracked 
|  89|0x00000000e5900000, 0x00000000e5900000, 0x00000000e5a00000|  0%| F|  |TAMS 0x00000000e5900000, 0x00000000e5900000| Untracked 
|  90|0x00000000e5a00000, 0x00000000e5a00000, 0x00000000e5b00000|  0%| F|  |TAMS 0x00000000e5a00000, 0x00000000e5a00000| Untracked 
|  91|0x00000000e5b00000, 0x00000000e5b00000, 0x00000000e5c00000|  0%| F|  |TAMS 0x00000000e5b00000, 0x00000000e5b00000| Untracked 
|  92|0x00000000e5c00000, 0x00000000e5c00000, 0x00000000e5d00000|  0%| F|  |TAMS 0x00000000e5c00000, 0x00000000e5c00000| Untracked 
|  93|0x00000000e5d00000, 0x00000000e5d00000, 0x00000000e5e00000|  0%| F|  |TAMS 0x00000000e5d00000, 0x00000000e5d00000| Untracked 
|  94|0x00000000e5e00000, 0x00000000e5e00000, 0x00000000e5f00000|  0%| F|  |TAMS 0x00000000e5e00000, 0x00000000e5e00000| Untracked 
|  95|0x00000000e5f00000, 0x00000000e5f00000, 0x00000000e6000000|  0%| F|  |TAMS 0x00000000e5f00000, 0x00000000e5f00000| Untracked 
|  96|0x00000000e6000000, 0x00000000e6000000, 0x00000000e6100000|  0%| F|  |TAMS 0x00000000e6000000, 0x00000000e6000000| Untracked 
|  97|0x00000000e6100000, 0x00000000e6100000, 0x00000000e6200000|  0%| F|  |TAMS 0x00000000e6100000, 0x00000000e6100000| Untracked 
|  98|0x00000000e6200000, 0x00000000e6200000, 0x00000000e6300000|  0%| F|  |TAMS 0x00000000e6200000, 0x00000000e6200000| Untracked 
|  99|0x00000000e6300000, 0x00000000e6300000, 0x00000000e6400000|  0%| F|  |TAMS 0x00000000e6300000, 0x00000000e6300000| Untracked 
| 100|0x00000000e6400000, 0x00000000e6400000, 0x00000000e6500000|  0%| F|  |TAMS 0x00000000e6400000, 0x00000000e6400000| Untracked 
| 101|0x00000000e6500000, 0x00000000e6500000, 0x00000000e6600000|  0%| F|  |TAMS 0x00000000e6500000, 0x00000000e6500000| Untracked 
| 102|0x00000000e6600000, 0x00000000e6600000, 0x00000000e6700000|  0%| F|  |TAMS 0x00000000e6600000, 0x00000000e6600000| Untracked 
| 103|0x00000000e6700000, 0x00000000e6700000, 0x00000000e6800000|  0%| F|  |TAMS 0x00000000e6700000, 0x00000000e6700000| Untracked 
| 104|0x00000000e6800000, 0x00000000e6800000, 0x00000000e6900000|  0%| F|  |TAMS 0x00000000e6800000, 0x00000000e6800000| Untracked 
| 105|0x00000000e6900000, 0x00000000e6900000, 0x00000000e6a00000|  0%| F|  |TAMS 0x00000000e6900000, 0x00000000e6900000| Untracked 
| 106|0x00000000e6a00000, 0x00000000e6a00000, 0x00000000e6b00000|  0%| F|  |TAMS 0x00000000e6a00000, 0x00000000e6a00000| Untracked 
| 107|0x00000000e6b00000, 0x00000000e6b00000, 0x00000000e6c00000|  0%| F|  |TAMS 0x00000000e6b00000, 0x00000000e6b00000| Untracked 
| 108|0x00000000e6c00000, 0x00000000e6c00000, 0x00000000e6d00000|  0%| F|  |TAMS 0x00000000e6c00000, 0x00000000e6c00000| Untracked 
| 109|0x00000000e6d00000, 0x00000000e6d00000, 0x00000000e6e00000|  0%| F|  |TAMS 0x00000000e6d00000, 0x00000000e6d00000| Untracked 
| 110|0x00000000e6e00000, 0x00000000e6e00000, 0x00000000e6f00000|  0%| F|  |TAMS 0x00000000e6e00000, 0x00000000e6e00000| Untracked 
| 111|0x00000000e6f00000, 0x00000000e6f00000, 0x00000000e7000000|  0%| F|  |TAMS 0x00000000e6f00000, 0x00000000e6f00000| Untracked 
| 112|0x00000000e7000000, 0x00000000e7000000, 0x00000000e7100000|  0%| F|  |TAMS 0x00000000e7000000, 0x00000000e7000000| Untracked 
| 113|0x00000000e7100000, 0x00000000e7100000, 0x00000000e7200000|  0%| F|  |TAMS 0x00000000e7100000, 0x00000000e7100000| Untracked 
| 114|0x00000000e7200000, 0x00000000e7200000, 0x00000000e7300000|  0%| F|  |TAMS 0x00000000e7200000, 0x00000000e7200000| Untracked 
| 115|0x00000000e7300000, 0x00000000e7300000, 0x00000000e7400000|  0%| F|  |TAMS 0x00000000e7300000, 0x00000000e7300000| Untracked 
| 116|0x00000000e7400000, 0x00000000e7400000, 0x00000000e7500000|  0%| F|  |TAMS 0x00000000e7400000, 0x00000000e7400000| Untracked 
| 117|0x00000000e7500000, 0x00000000e7500000, 0x00000000e7600000|  0%| F|  |TAMS 0x00000000e7500000, 0x00000000e7500000| Untracked 
| 118|0x00000000e7600000, 0x00000000e7600000, 0x00000000e7700000|  0%| F|  |TAMS 0x00000000e7600000, 0x00000000e7600000| Untracked 
| 119|0x00000000e7700000, 0x00000000e7700000, 0x00000000e7800000|  0%| F|  |TAMS 0x00000000e7700000, 0x00000000e7700000| Untracked 
| 120|0x00000000e7800000, 0x00000000e7800000, 0x00000000e7900000|  0%| F|  |TAMS 0x00000000e7800000, 0x00000000e7800000| Untracked 
| 121|0x00000000e7900000, 0x00000000e7900000, 0x00000000e7a00000|  0%| F|  |TAMS 0x00000000e7900000, 0x00000000e7900000| Untracked 
| 122|0x00000000e7a00000, 0x00000000e7a00000, 0x00000000e7b00000|  0%| F|  |TAMS 0x00000000e7a00000, 0x00000000e7a00000| Untracked 
| 123|0x00000000e7b00000, 0x00000000e7b00000, 0x00000000e7c00000|  0%| F|  |TAMS 0x00000000e7b00000, 0x00000000e7b00000| Untracked 
| 124|0x00000000e7c00000, 0x00000000e7c00000, 0x00000000e7d00000|  0%| F|  |TAMS 0x00000000e7c00000, 0x00000000e7c00000| Untracked 
| 125|0x00000000e7d00000, 0x00000000e7d00000, 0x00000000e7e00000|  0%| F|  |TAMS 0x00000000e7d00000, 0x00000000e7d00000| Untracked 
| 126|0x00000000e7e00000, 0x00000000e7e00000, 0x00000000e7f00000|  0%| F|  |TAMS 0x00000000e7e00000, 0x00000000e7e00000| Untracked 
| 127|0x00000000e7f00000, 0x00000000e7f00000, 0x00000000e8000000|  0%| F|  |TAMS 0x00000000e7f00000, 0x00000000e7f00000| Untracked 
| 128|0x00000000e8000000, 0x00000000e8000000, 0x00000000e8100000|  0%| F|  |TAMS 0x00000000e8000000, 0x00000000e8000000| Untracked 
| 129|0x00000000e8100000, 0x00000000e8100000, 0x00000000e8200000|  0%| F|  |TAMS 0x00000000e8100000, 0x00000000e8100000| Untracked 
| 130|0x00000000e8200000, 0x00000000e8200000, 0x00000000e8300000|  0%| F|  |TAMS 0x00000000e8200000, 0x00000000e8200000| Untracked 
| 131|0x00000000e8300000, 0x00000000e8300000, 0x00000000e8400000|  0%| F|  |TAMS 0x00000000e8300000, 0x00000000e8300000| Untracked 
| 132|0x00000000e8400000, 0x00000000e8400000, 0x00000000e8500000|  0%| F|  |TAMS 0x00000000e8400000, 0x00000000e8400000| Untracked 
| 133|0x00000000e8500000, 0x00000000e8500000, 0x00000000e8600000|  0%| F|  |TAMS 0x00000000e8500000, 0x00000000e8500000| Untracked 
| 134|0x00000000e8600000, 0x00000000e8600000, 0x00000000e8700000|  0%| F|  |TAMS 0x00000000e8600000, 0x00000000e8600000| Untracked 
| 135|0x00000000e8700000, 0x00000000e8700000, 0x00000000e8800000|  0%| F|  |TAMS 0x00000000e8700000, 0x00000000e8700000| Untracked 
| 136|0x00000000e8800000, 0x00000000e8800000, 0x00000000e8900000|  0%| F|  |TAMS 0x00000000e8800000, 0x00000000e8800000| Untracked 
| 137|0x00000000e8900000, 0x00000000e8900000, 0x00000000e8a00000|  0%| F|  |TAMS 0x00000000e8900000, 0x00000000e8900000| Untracked 
| 138|0x00000000e8a00000, 0x00000000e8a00000, 0x00000000e8b00000|  0%| F|  |TAMS 0x00000000e8a00000, 0x00000000e8a00000| Untracked 
| 139|0x00000000e8b00000, 0x00000000e8b00000, 0x00000000e8c00000|  0%| F|  |TAMS 0x00000000e8b00000, 0x00000000e8b00000| Untracked 
| 140|0x00000000e8c00000, 0x00000000e8c00000, 0x00000000e8d00000|  0%| F|  |TAMS 0x00000000e8c00000, 0x00000000e8c00000| Untracked 
| 141|0x00000000e8d00000, 0x00000000e8d00000, 0x00000000e8e00000|  0%| F|  |TAMS 0x00000000e8d00000, 0x00000000e8d00000| Untracked 
| 142|0x00000000e8e00000, 0x00000000e8e00000, 0x00000000e8f00000|  0%| F|  |TAMS 0x00000000e8e00000, 0x00000000e8e00000| Untracked 
| 143|0x00000000e8f00000, 0x00000000e8f00000, 0x00000000e9000000|  0%| F|  |TAMS 0x00000000e8f00000, 0x00000000e8f00000| Untracked 
| 144|0x00000000e9000000, 0x00000000e9000000, 0x00000000e9100000|  0%| F|  |TAMS 0x00000000e9000000, 0x00000000e9000000| Untracked 
| 145|0x00000000e9100000, 0x00000000e9100000, 0x00000000e9200000|  0%| F|  |TAMS 0x00000000e9100000, 0x00000000e9100000| Untracked 
| 146|0x00000000e9200000, 0x00000000e9200000, 0x00000000e9300000|  0%| F|  |TAMS 0x00000000e9200000, 0x00000000e9200000| Untracked 
| 147|0x00000000e9300000, 0x00000000e9300000, 0x00000000e9400000|  0%| F|  |TAMS 0x00000000e9300000, 0x00000000e9300000| Untracked 
| 148|0x00000000e9400000, 0x00000000e9400000, 0x00000000e9500000|  0%| F|  |TAMS 0x00000000e9400000, 0x00000000e9400000| Untracked 
| 149|0x00000000e9500000, 0x00000000e9500000, 0x00000000e9600000|  0%| F|  |TAMS 0x00000000e9500000, 0x00000000e9500000| Untracked 
| 150|0x00000000e9600000, 0x00000000e9600000, 0x00000000e9700000|  0%| F|  |TAMS 0x00000000e9600000, 0x00000000e9600000| Untracked 
| 151|0x00000000e9700000, 0x00000000e9700000, 0x00000000e9800000|  0%| F|  |TAMS 0x00000000e9700000, 0x00000000e9700000| Untracked 
| 152|0x00000000e9800000, 0x00000000e9800000, 0x00000000e9900000|  0%| F|  |TAMS 0x00000000e9800000, 0x00000000e9800000| Untracked 
| 153|0x00000000e9900000, 0x00000000e9900000, 0x00000000e9a00000|  0%| F|  |TAMS 0x00000000e9900000, 0x00000000e9900000| Untracked 
| 154|0x00000000e9a00000, 0x00000000e9a00000, 0x00000000e9b00000|  0%| F|  |TAMS 0x00000000e9a00000, 0x00000000e9a00000| Untracked 
| 155|0x00000000e9b00000, 0x00000000e9b00000, 0x00000000e9c00000|  0%| F|  |TAMS 0x00000000e9b00000, 0x00000000e9b00000| Untracked 
| 156|0x00000000e9c00000, 0x00000000e9c00000, 0x00000000e9d00000|  0%| F|  |TAMS 0x00000000e9c00000, 0x00000000e9c00000| Untracked 
| 157|0x00000000e9d00000, 0x00000000e9d00000, 0x00000000e9e00000|  0%| F|  |TAMS 0x00000000e9d00000, 0x00000000e9d00000| Untracked 
| 158|0x00000000e9e00000, 0x00000000e9e00000, 0x00000000e9f00000|  0%| F|  |TAMS 0x00000000e9e00000, 0x00000000e9e00000| Untracked 
| 159|0x00000000e9f00000, 0x00000000e9f00000, 0x00000000ea000000|  0%| F|  |TAMS 0x00000000e9f00000, 0x00000000e9f00000| Untracked 
| 160|0x00000000ea000000, 0x00000000ea000000, 0x00000000ea100000|  0%| F|  |TAMS 0x00000000ea000000, 0x00000000ea000000| Untracked 
| 161|0x00000000ea100000, 0x00000000ea100000, 0x00000000ea200000|  0%| F|  |TAMS 0x00000000ea100000, 0x00000000ea100000| Untracked 
| 162|0x00000000ea200000, 0x00000000ea200000, 0x00000000ea300000|  0%| F|  |TAMS 0x00000000ea200000, 0x00000000ea200000| Untracked 
| 163|0x00000000ea300000, 0x00000000ea300000, 0x00000000ea400000|  0%| F|  |TAMS 0x00000000ea300000, 0x00000000ea300000| Untracked 
| 164|0x00000000ea400000, 0x00000000ea400000, 0x00000000ea500000|  0%| F|  |TAMS 0x00000000ea400000, 0x00000000ea400000| Untracked 
| 165|0x00000000ea500000, 0x00000000ea500000, 0x00000000ea600000|  0%| F|  |TAMS 0x00000000ea500000, 0x00000000ea500000| Untracked 
| 166|0x00000000ea600000, 0x00000000ea600000, 0x00000000ea700000|  0%| F|  |TAMS 0x00000000ea600000, 0x00000000ea600000| Untracked 
| 167|0x00000000ea700000, 0x00000000ea700000, 0x00000000ea800000|  0%| F|  |TAMS 0x00000000ea700000, 0x00000000ea700000| Untracked 
| 168|0x00000000ea800000, 0x00000000ea800000, 0x00000000ea900000|  0%| F|  |TAMS 0x00000000ea800000, 0x00000000ea800000| Untracked 
| 169|0x00000000ea900000, 0x00000000ea900000, 0x00000000eaa00000|  0%| F|  |TAMS 0x00000000ea900000, 0x00000000ea900000| Untracked 
| 170|0x00000000eaa00000, 0x00000000eaa00000, 0x00000000eab00000|  0%| F|  |TAMS 0x00000000eaa00000, 0x00000000eaa00000| Untracked 
| 171|0x00000000eab00000, 0x00000000eab00000, 0x00000000eac00000|  0%| F|  |TAMS 0x00000000eab00000, 0x00000000eab00000| Untracked 
| 172|0x00000000eac00000, 0x00000000eac00000, 0x00000000ead00000|  0%| F|  |TAMS 0x00000000eac00000, 0x00000000eac00000| Untracked 
| 173|0x00000000ead00000, 0x00000000ead00000, 0x00000000eae00000|  0%| F|  |TAMS 0x00000000ead00000, 0x00000000ead00000| Untracked 
| 174|0x00000000eae00000, 0x00000000eae00000, 0x00000000eaf00000|  0%| F|  |TAMS 0x00000000eae00000, 0x00000000eae00000| Untracked 
| 175|0x00000000eaf00000, 0x00000000eaf00000, 0x00000000eb000000|  0%| F|  |TAMS 0x00000000eaf00000, 0x00000000eaf00000| Untracked 
| 176|0x00000000eb000000, 0x00000000eb000000, 0x00000000eb100000|  0%| F|  |TAMS 0x00000000eb000000, 0x00000000eb000000| Untracked 
| 177|0x00000000eb100000, 0x00000000eb100000, 0x00000000eb200000|  0%| F|  |TAMS 0x00000000eb100000, 0x00000000eb100000| Untracked 
| 178|0x00000000eb200000, 0x00000000eb200000, 0x00000000eb300000|  0%| F|  |TAMS 0x00000000eb200000, 0x00000000eb200000| Untracked 
| 179|0x00000000eb300000, 0x00000000eb300000, 0x00000000eb400000|  0%| F|  |TAMS 0x00000000eb300000, 0x00000000eb300000| Untracked 
| 180|0x00000000eb400000, 0x00000000eb400000, 0x00000000eb500000|  0%| F|  |TAMS 0x00000000eb400000, 0x00000000eb400000| Untracked 
| 181|0x00000000eb500000, 0x00000000eb500000, 0x00000000eb600000|  0%| F|  |TAMS 0x00000000eb500000, 0x00000000eb500000| Untracked 
| 182|0x00000000eb600000, 0x00000000eb600000, 0x00000000eb700000|  0%| F|  |TAMS 0x00000000eb600000, 0x00000000eb600000| Untracked 
| 183|0x00000000eb700000, 0x00000000eb700000, 0x00000000eb800000|  0%| F|  |TAMS 0x00000000eb700000, 0x00000000eb700000| Untracked 
| 184|0x00000000eb800000, 0x00000000eb800000, 0x00000000eb900000|  0%| F|  |TAMS 0x00000000eb800000, 0x00000000eb800000| Untracked 
| 185|0x00000000eb900000, 0x00000000eb900000, 0x00000000eba00000|  0%| F|  |TAMS 0x00000000eb900000, 0x00000000eb900000| Untracked 
| 186|0x00000000eba00000, 0x00000000eba00000, 0x00000000ebb00000|  0%| F|  |TAMS 0x00000000eba00000, 0x00000000eba00000| Untracked 
| 187|0x00000000ebb00000, 0x00000000ebb00000, 0x00000000ebc00000|  0%| F|  |TAMS 0x00000000ebb00000, 0x00000000ebb00000| Untracked 
| 188|0x00000000ebc00000, 0x00000000ebc00000, 0x00000000ebd00000|  0%| F|  |TAMS 0x00000000ebc00000, 0x00000000ebc00000| Untracked 
| 189|0x00000000ebd00000, 0x00000000ebd00000, 0x00000000ebe00000|  0%| F|  |TAMS 0x00000000ebd00000, 0x00000000ebd00000| Untracked 
| 190|0x00000000ebe00000, 0x00000000ebe00000, 0x00000000ebf00000|  0%| F|  |TAMS 0x00000000ebe00000, 0x00000000ebe00000| Untracked 
| 191|0x00000000ebf00000, 0x00000000ebf00000, 0x00000000ec000000|  0%| F|  |TAMS 0x00000000ebf00000, 0x00000000ebf00000| Untracked 
| 192|0x00000000ec000000, 0x00000000ec000000, 0x00000000ec100000|  0%| F|  |TAMS 0x00000000ec000000, 0x00000000ec000000| Untracked 
| 193|0x00000000ec100000, 0x00000000ec100000, 0x00000000ec200000|  0%| F|  |TAMS 0x00000000ec100000, 0x00000000ec100000| Untracked 
| 194|0x00000000ec200000, 0x00000000ec200000, 0x00000000ec300000|  0%| F|  |TAMS 0x00000000ec200000, 0x00000000ec200000| Untracked 
| 195|0x00000000ec300000, 0x00000000ec300000, 0x00000000ec400000|  0%| F|  |TAMS 0x00000000ec300000, 0x00000000ec300000| Untracked 
| 196|0x00000000ec400000, 0x00000000ec400000, 0x00000000ec500000|  0%| F|  |TAMS 0x00000000ec400000, 0x00000000ec400000| Untracked 
| 197|0x00000000ec500000, 0x00000000ec500000, 0x00000000ec600000|  0%| F|  |TAMS 0x00000000ec500000, 0x00000000ec500000| Untracked 
| 198|0x00000000ec600000, 0x00000000ec600000, 0x00000000ec700000|  0%| F|  |TAMS 0x00000000ec600000, 0x00000000ec600000| Untracked 
| 199|0x00000000ec700000, 0x00000000ec700000, 0x00000000ec800000|  0%| F|  |TAMS 0x00000000ec700000, 0x00000000ec700000| Untracked 
| 200|0x00000000ec800000, 0x00000000ec800000, 0x00000000ec900000|  0%| F|  |TAMS 0x00000000ec800000, 0x00000000ec800000| Untracked 
| 201|0x00000000ec900000, 0x00000000ec900000, 0x00000000eca00000|  0%| F|  |TAMS 0x00000000ec900000, 0x00000000ec900000| Untracked 
| 202|0x00000000eca00000, 0x00000000eca00000, 0x00000000ecb00000|  0%| F|  |TAMS 0x00000000eca00000, 0x00000000eca00000| Untracked 
| 203|0x00000000ecb00000, 0x00000000ecb00000, 0x00000000ecc00000|  0%| F|  |TAMS 0x00000000ecb00000, 0x00000000ecb00000| Untracked 
| 204|0x00000000ecc00000, 0x00000000ecc00000, 0x00000000ecd00000|  0%| F|  |TAMS 0x00000000ecc00000, 0x00000000ecc00000| Untracked 
| 205|0x00000000ecd00000, 0x00000000ece00000, 0x00000000ece00000|100%| E|CS|TAMS 0x00000000ecd00000, 0x00000000ece00000| Complete 
| 206|0x00000000ece00000, 0x00000000ecf00000, 0x00000000ecf00000|100%| E|CS|TAMS 0x00000000ece00000, 0x00000000ecf00000| Complete 
| 207|0x00000000ecf00000, 0x00000000ed000000, 0x00000000ed000000|100%| E|CS|TAMS 0x00000000ecf00000, 0x00000000ed000000| Complete 
| 208|0x00000000ed000000, 0x00000000ed100000, 0x00000000ed100000|100%| E|CS|TAMS 0x00000000ed000000, 0x00000000ed100000| Complete 
| 209|0x00000000ed100000, 0x00000000ed200000, 0x00000000ed200000|100%| E|CS|TAMS 0x00000000ed100000, 0x00000000ed200000| Complete 
| 210|0x00000000ed200000, 0x00000000ed300000, 0x00000000ed300000|100%| E|CS|TAMS 0x00000000ed200000, 0x00000000ed300000| Complete 
| 211|0x00000000ed300000, 0x00000000ed300000, 0x00000000ed400000|  0%| F|  |TAMS 0x00000000ed300000, 0x00000000ed300000| Untracked 
| 212|0x00000000ed400000, 0x00000000ed400000, 0x00000000ed500000|  0%| F|  |TAMS 0x00000000ed400000, 0x00000000ed400000| Untracked 
| 213|0x00000000ed500000, 0x00000000ed500000, 0x00000000ed600000|  0%| F|  |TAMS 0x00000000ed500000, 0x00000000ed500000| Untracked 
| 214|0x00000000ed600000, 0x00000000ed600000, 0x00000000ed700000|  0%| F|  |TAMS 0x00000000ed600000, 0x00000000ed600000| Untracked 
| 215|0x00000000ed700000, 0x00000000ed700000, 0x00000000ed800000|  0%| F|  |TAMS 0x00000000ed700000, 0x00000000ed700000| Untracked 
| 216|0x00000000ed800000, 0x00000000ed800000, 0x00000000ed900000|  0%| F|  |TAMS 0x00000000ed800000, 0x00000000ed800000| Untracked 
| 217|0x00000000ed900000, 0x00000000ed900000, 0x00000000eda00000|  0%| F|  |TAMS 0x00000000ed900000, 0x00000000ed900000| Untracked 
| 218|0x00000000eda00000, 0x00000000eda00000, 0x00000000edb00000|  0%| F|  |TAMS 0x00000000eda00000, 0x00000000eda00000| Untracked 
| 219|0x00000000edb00000, 0x00000000edb00000, 0x00000000edc00000|  0%| F|  |TAMS 0x00000000edb00000, 0x00000000edb00000| Untracked 
| 220|0x00000000edc00000, 0x00000000edc00000, 0x00000000edd00000|  0%| F|  |TAMS 0x00000000edc00000, 0x00000000edc00000| Untracked 
| 221|0x00000000edd00000, 0x00000000edd00000, 0x00000000ede00000|  0%| F|  |TAMS 0x00000000edd00000, 0x00000000edd00000| Untracked 
| 222|0x00000000ede00000, 0x00000000ede00000, 0x00000000edf00000|  0%| F|  |TAMS 0x00000000ede00000, 0x00000000ede00000| Untracked 
| 223|0x00000000edf00000, 0x00000000edf00000, 0x00000000ee000000|  0%| F|  |TAMS 0x00000000edf00000, 0x00000000edf00000| Untracked 
| 224|0x00000000ee000000, 0x00000000ee000000, 0x00000000ee100000|  0%| F|  |TAMS 0x00000000ee000000, 0x00000000ee000000| Untracked 
| 225|0x00000000ee100000, 0x00000000ee100000, 0x00000000ee200000|  0%| F|  |TAMS 0x00000000ee100000, 0x00000000ee100000| Untracked 
| 226|0x00000000ee200000, 0x00000000ee200000, 0x00000000ee300000|  0%| F|  |TAMS 0x00000000ee200000, 0x00000000ee200000| Untracked 
| 227|0x00000000ee300000, 0x00000000ee300000, 0x00000000ee400000|  0%| F|  |TAMS 0x00000000ee300000, 0x00000000ee300000| Untracked 
| 228|0x00000000ee400000, 0x00000000ee496520, 0x00000000ee500000| 58%| S|  |TAMS 0x00000000ee400000, 0x00000000ee400000| Complete 
| 229|0x00000000ee500000, 0x00000000ee5c5598, 0x00000000ee600000| 77%| E|CS|TAMS 0x00000000ee500000, 0x00000000ee5c5598| Complete 
| 230|0x00000000ee600000, 0x00000000ee700000, 0x00000000ee700000|100%| E|CS|TAMS 0x00000000ee600000, 0x00000000ee700000| Complete 
| 231|0x00000000ee700000, 0x00000000ee800000, 0x00000000ee800000|100%| E|CS|TAMS 0x00000000ee700000, 0x00000000ee800000| Complete 
| 232|0x00000000ee800000, 0x00000000ee900000, 0x00000000ee900000|100%| E|CS|TAMS 0x00000000ee800000, 0x00000000ee900000| Complete 
| 233|0x00000000ee900000, 0x00000000eea00000, 0x00000000eea00000|100%| E|CS|TAMS 0x00000000ee900000, 0x00000000eea00000| Complete 
| 234|0x00000000eea00000, 0x00000000eeb00000, 0x00000000eeb00000|100%| E|CS|TAMS 0x00000000eea00000, 0x00000000eeb00000| Complete 
| 235|0x00000000eeb00000, 0x00000000eec00000, 0x00000000eec00000|100%| E|CS|TAMS 0x00000000eeb00000, 0x00000000eec00000| Complete 
| 236|0x00000000eec00000, 0x00000000eed00000, 0x00000000eed00000|100%| E|CS|TAMS 0x00000000eec00000, 0x00000000eed00000| Complete 
| 237|0x00000000eed00000, 0x00000000eee00000, 0x00000000eee00000|100%| E|CS|TAMS 0x00000000eed00000, 0x00000000eee00000| Complete 
| 238|0x00000000eee00000, 0x00000000eef00000, 0x00000000eef00000|100%| E|CS|TAMS 0x00000000eee00000, 0x00000000eef00000| Complete 
| 239|0x00000000eef00000, 0x00000000ef000000, 0x00000000ef000000|100%| E|CS|TAMS 0x00000000eef00000, 0x00000000ef000000| Complete 
| 240|0x00000000ef000000, 0x00000000ef100000, 0x00000000ef100000|100%| E|CS|TAMS 0x00000000ef000000, 0x00000000ef100000| Complete 
| 241|0x00000000ef100000, 0x00000000ef200000, 0x00000000ef200000|100%| E|CS|TAMS 0x00000000ef100000, 0x00000000ef200000| Complete 
| 242|0x00000000ef200000, 0x00000000ef300000, 0x00000000ef300000|100%| E|CS|TAMS 0x00000000ef200000, 0x00000000ef300000| Complete 
| 243|0x00000000ef300000, 0x00000000ef400000, 0x00000000ef400000|100%| E|CS|TAMS 0x00000000ef300000, 0x00000000ef400000| Complete 
| 244|0x00000000ef400000, 0x00000000ef500000, 0x00000000ef500000|100%| E|CS|TAMS 0x00000000ef400000, 0x00000000ef500000| Complete 
| 245|0x00000000ef500000, 0x00000000ef600000, 0x00000000ef600000|100%| E|CS|TAMS 0x00000000ef500000, 0x00000000ef600000| Complete 
| 246|0x00000000ef600000, 0x00000000ef700000, 0x00000000ef700000|100%| E|CS|TAMS 0x00000000ef600000, 0x00000000ef700000| Complete 
| 247|0x00000000ef700000, 0x00000000ef800000, 0x00000000ef800000|100%| E|CS|TAMS 0x00000000ef700000, 0x00000000ef800000| Complete 
| 248|0x00000000ef800000, 0x00000000ef900000, 0x00000000ef900000|100%| E|CS|TAMS 0x00000000ef800000, 0x00000000ef900000| Complete 
| 249|0x00000000ef900000, 0x00000000efa00000, 0x00000000efa00000|100%| E|CS|TAMS 0x00000000ef900000, 0x00000000efa00000| Complete 
| 250|0x00000000efa00000, 0x00000000efb00000, 0x00000000efb00000|100%| E|CS|TAMS 0x00000000efa00000, 0x00000000efb00000| Complete 
| 251|0x00000000efb00000, 0x00000000efc00000, 0x00000000efc00000|100%| E|CS|TAMS 0x00000000efb00000, 0x00000000efc00000| Complete 
| 252|0x00000000efc00000, 0x00000000efd00000, 0x00000000efd00000|100%| E|CS|TAMS 0x00000000efc00000, 0x00000000efd00000| Complete 
| 253|0x00000000efd00000, 0x00000000efe00000, 0x00000000efe00000|100%| E|CS|TAMS 0x00000000efd00000, 0x00000000efe00000| Complete 
| 254|0x00000000efe00000, 0x00000000eff00000, 0x00000000eff00000|100%| E|CS|TAMS 0x00000000efe00000, 0x00000000eff00000| Complete 
| 255|0x00000000eff00000, 0x00000000f0000000, 0x00000000f0000000|100%| E|CS|TAMS 0x00000000eff00000, 0x00000000f0000000| Complete 

Card table byte_map: [0x00000164eca90000,0x00000164ecb90000] _byte_map_base: 0x00000164ec390000

Marking Bits (Prev, Next): (CMBitMap*) 0x00000164d53391b8, (CMBitMap*) 0x00000164d53391f0
 Prev Bits: [0x00000164ecc90000, 0x00000164ed490000)
 Next Bits: [0x00000164ed490000, 0x00000164edc90000)

Polling page: 0x00000164d4af0000

Metaspace:

Usage:
  Non-class:     18.12 MB capacity,    17.82 MB ( 98%) used,   272.72 KB (  1%) free+waste,    34.31 KB ( <1%) overhead. 
      Class:      2.59 MB capacity,     2.45 MB ( 95%) used,   122.18 KB (  5%) free+waste,    16.56 KB ( <1%) overhead. 
       Both:     20.71 MB capacity,    20.28 MB ( 98%) used,   394.90 KB (  2%) free+waste,    50.88 KB ( <1%) overhead. 

Virtual space:
  Non-class space:       20.00 MB reserved,      18.17 MB ( 91%) committed 
      Class space:      248.00 MB reserved,       2.63 MB (  1%) committed 
             Both:      268.00 MB reserved,      20.80 MB (  8%) committed 

Chunk freelists:
   Non-Class:  2.00 KB
       Class:  6.00 KB
        Both:  8.00 KB

MaxMetaspaceSize: 256.00 MB
CompressedClassSpaceSize: 248.00 MB
Initial GC threshold: 20.80 MB
Current GC threshold: 20.80 MB
CDS: off

CodeHeap 'non-profiled nmethods': size=120064Kb used=970Kb max_used=970Kb free=119093Kb
 bounds [0x00000164e5550000, 0x00000164e57c0000, 0x00000164eca90000]
CodeHeap 'profiled nmethods': size=120000Kb used=4124Kb max_used=4124Kb free=115875Kb
 bounds [0x00000164de020000, 0x00000164de430000, 0x00000164e5550000]
CodeHeap 'non-nmethods': size=5696Kb used=1207Kb max_used=1229Kb free=4488Kb
 bounds [0x00000164dda90000, 0x00000164ddd00000, 0x00000164de020000]
 total_blobs=2442 nmethods=1964 adapters=390
 compilation: enabled
              stopped_count=0, restarted_count=0
 full_count=0

Compilation events (20 events):
Event: 38.657 Thread 0x00000164f02ce000 nmethod 1957 0x00000164de420e90 code [0x00000164de421080, 0x00000164de4214e8]
Event: 38.658 Thread 0x00000164f02ce000 1958       3       java.util.concurrent.ConcurrentHashMap::<init> (73 bytes)
Event: 38.658 Thread 0x00000164f02ce000 nmethod 1958 0x00000164de421610 code [0x00000164de421840, 0x00000164de421db8]
Event: 38.661 Thread 0x00000164f02ce000 1961       3       org.gradle.internal.service.DefaultServiceRegistry$OwnServices::collectProvidersForClassHierarchy (95 bytes)
Event: 38.663 Thread 0x00000164f02ce000 nmethod 1961 0x00000164de421f90 code [0x00000164de4222c0, 0x00000164de423538]
Event: 38.663 Thread 0x00000164f02ce000 1959       3       org.gradle.internal.service.DefaultServiceRegistry$OwnServices::add (117 bytes)
Event: 38.664 Thread 0x00000164f02ce000 nmethod 1959 0x00000164de423b90 code [0x00000164de423e60, 0x00000164de424ca8]
Event: 38.664 Thread 0x00000164f02ce000 1960       3       org.gradle.internal.service.DefaultServiceRegistry::access$1000 (5 bytes)
Event: 38.664 Thread 0x00000164f02ce000 nmethod 1960 0x00000164de425290 code [0x00000164de425440, 0x00000164de425548]
Event: 38.664 Thread 0x00000164f02ce000 1962       3       org.gradle.internal.service.DefaultServiceRegistry$ClassInspector::getHierarchy (9 bytes)
Event: 38.664 Thread 0x00000164f02ce000 nmethod 1962 0x00000164de425610 code [0x00000164de4257c0, 0x00000164de425908]
Event: 38.684 Thread 0x00000164f02ce000 1963       1       java.util.concurrent.atomic.AtomicInteger::get (5 bytes)
Event: 38.684 Thread 0x00000164f02ce000 nmethod 1963 0x00000164e563e990 code [0x00000164e563eb40, 0x00000164e563ebf8]
Event: 38.691 Thread 0x00000164f02c3800 nmethod 1950 0x00000164e563ec90 code [0x00000164e563ef20, 0x00000164e5641600]
Event: 38.691 Thread 0x00000164f02c3800 1952 %     4       java.io.WinNTFileSystem::normalize @ 58 (224 bytes)
Event: 38.730 Thread 0x00000164f02ce000 1965       3       java.lang.reflect.ProxyGenerator$ConstantPool::getFieldRef (33 bytes)
Event: 38.731 Thread 0x00000164f02ce000 nmethod 1965 0x00000164de425a10 code [0x00000164de425ce0, 0x00000164de426948]
Event: 38.731 Thread 0x00000164f02ce000 1966       3       sun.reflect.generics.parser.SignatureParser::mark (9 bytes)
Event: 38.731 Thread 0x00000164f02ce000 nmethod 1966 0x00000164de426e90 code [0x00000164de427040, 0x00000164de427138]
Event: 38.731 Thread 0x00000164f02ce000 1967       3       sun.reflect.generics.parser.SignatureParser::markToCurrent (16 bytes)

GC Heap History (9 events):
Event: 14.079 GC heap before
{Heap before GC invocations=0 (full 0):
 garbage-first heap   total 262144K, used 17408K [0x00000000e0000000, 0x0000000100000000)
  region size 1024K, 14 young (14336K), 0 survivors (0K)
 Metaspace       used 6778K, capacity 6991K, committed 7168K, reserved 262144K
  class space    used 573K, capacity 649K, committed 768K, reserved 253952K
}
Event: 14.091 GC heap after
{Heap after GC invocations=1 (full 0):
 garbage-first heap   total 262144K, used 7623K [0x00000000e0000000, 0x0000000100000000)
  region size 1024K, 2 young (2048K), 2 survivors (2048K)
 Metaspace       used 6778K, capacity 6991K, committed 7168K, reserved 262144K
  class space    used 573K, capacity 649K, committed 768K, reserved 253952K
}
Event: 16.447 GC heap before
{Heap before GC invocations=1 (full 0):
 garbage-first heap   total 262144K, used 18887K [0x00000000e0000000, 0x0000000100000000)
  region size 1024K, 13 young (13312K), 2 survivors (2048K)
 Metaspace       used 10222K, capacity 10488K, committed 10624K, reserved 264192K
  class space    used 1045K, capacity 1137K, committed 1152K, reserved 253952K
}
Event: 16.452 GC heap after
{Heap after GC invocations=2 (full 0):
 garbage-first heap   total 262144K, used 9816K [0x00000000e0000000, 0x0000000100000000)
  region size 1024K, 2 young (2048K), 2 survivors (2048K)
 Metaspace       used 10222K, capacity 10488K, committed 10624K, reserved 264192K
  class space    used 1045K, capacity 1137K, committed 1152K, reserved 253952K
}
Event: 27.464 GC heap before
{Heap before GC invocations=2 (full 0):
 garbage-first heap   total 262144K, used 39512K [0x00000000e0000000, 0x0000000100000000)
  region size 1024K, 30 young (30720K), 2 survivors (2048K)
 Metaspace       used 11288K, capacity 11633K, committed 11776K, reserved 266240K
  class space    used 1147K, capacity 1241K, committed 1280K, reserved 253952K
}
Event: 27.470 GC heap after
{Heap after GC invocations=3 (full 0):
 garbage-first heap   total 262144K, used 12549K [0x00000000e0000000, 0x0000000100000000)
  region size 1024K, 4 young (4096K), 4 survivors (4096K)
 Metaspace       used 11288K, capacity 11633K, committed 11776K, reserved 266240K
  class space    used 1147K, capacity 1241K, committed 1280K, reserved 253952K
}
Event: 38.302 GC heap before
{Heap before GC invocations=3 (full 0):
 garbage-first heap   total 262144K, used 54533K [0x00000000e0000000, 0x0000000100000000)
  region size 1024K, 45 young (46080K), 4 survivors (4096K)
 Metaspace       used 17910K, capacity 18327K, committed 18432K, reserved 270336K
  class space    used 2080K, capacity 2242K, committed 2304K, reserved 253952K
}
Event: 38.313 GC heap after
{Heap after GC invocations=4 (full 0):
 garbage-first heap   total 262144K, used 16879K [0x00000000e0000000, 0x0000000100000000)
  region size 1024K, 6 young (6144K), 6 survivors (6144K)
 Metaspace       used 17910K, capacity 18327K, committed 18432K, reserved 270336K
  class space    used 2080K, capacity 2242K, committed 2304K, reserved 253952K
}
Event: 38.731 GC heap before
{Heap before GC invocations=4 (full 0):
 garbage-first heap   total 262144K, used 43503K [0x00000000e0000000, 0x0000000100000000)
  region size 1024K, 33 young (33792K), 6 survivors (6144K)
 Metaspace       used 20762K, capacity 21208K, committed 21296K, reserved 274432K
  class space    used 2511K, capacity 2650K, committed 2688K, reserved 253952K
}

Deoptimization events (20 events):
Event: 38.541 Thread 0x00000164f1009000 Uncommon trap: trap_request=0xffffff4d fr.pc=0x00000164e556d980 relative=0x0000000000000900
Event: 38.541 Thread 0x00000164f1009000 Uncommon trap: reason=unstable_if action=reinterpret pc=0x00000164e556d980 method=java.io.WinNTFileSystem.resolve(Ljava/lang/String;Ljava/lang/String;)Ljava/lang/String; @ 19 c2
Event: 38.541 Thread 0x00000164f1009000 DEOPT PACKING pc=0x00000164e556d980 sp=0x00000045a58fcc00
Event: 38.541 Thread 0x00000164f1009000 DEOPT UNPACKING pc=0x00000164ddada1af sp=0x00000045a58fcba8 mode 2
Event: 38.542 Thread 0x00000164f1009000 Uncommon trap: trap_request=0xffffffc6 fr.pc=0x00000164e55d15a4 relative=0x0000000000000084
Event: 38.542 Thread 0x00000164f1009000 Uncommon trap: reason=bimorphic_or_optimized_type_check action=maybe_recompile pc=0x00000164e55d15a4 method=java.util.AbstractList$Itr.hasNext()Z @ 8 c2
Event: 38.542 Thread 0x00000164f1009000 DEOPT PACKING pc=0x00000164e55d15a4 sp=0x00000045a58fc170
Event: 38.542 Thread 0x00000164f1009000 DEOPT UNPACKING pc=0x00000164ddada1af sp=0x00000045a58fc108 mode 2
Event: 38.542 Thread 0x00000164f1009000 Uncommon trap: trap_request=0xffffffc6 fr.pc=0x00000164e55d1954 relative=0x0000000000000114
Event: 38.542 Thread 0x00000164f1009000 Uncommon trap: reason=bimorphic_or_optimized_type_check action=maybe_recompile pc=0x00000164e55d1954 method=java.util.AbstractList$Itr.next()Ljava/lang/Object; @ 14 c2
Event: 38.542 Thread 0x00000164f1009000 DEOPT PACKING pc=0x00000164e55d1954 sp=0x00000045a58fc160
Event: 38.542 Thread 0x00000164f1009000 DEOPT UNPACKING pc=0x00000164ddada1af sp=0x00000045a58fc0f8 mode 2
Event: 38.544 Thread 0x00000164f1009000 Uncommon trap: trap_request=0xffffff4d fr.pc=0x00000164e55ca9e0 relative=0x00000000000005a0
Event: 38.544 Thread 0x00000164f1009000 Uncommon trap: reason=unstable_if action=reinterpret pc=0x00000164e55ca9e0 method=java.io.File.getName()Ljava/lang/String; @ 16 c2
Event: 38.544 Thread 0x00000164f1009000 DEOPT PACKING pc=0x00000164e55ca9e0 sp=0x00000045a58fcba0
Event: 38.544 Thread 0x00000164f1009000 DEOPT UNPACKING pc=0x00000164ddada1af sp=0x00000045a58fcb70 mode 2
Event: 38.544 Thread 0x00000164f1009000 Uncommon trap: trap_request=0xffffff4d fr.pc=0x00000164e55c9b30 relative=0x00000000000004f0
Event: 38.544 Thread 0x00000164f1009000 Uncommon trap: reason=unstable_if action=reinterpret pc=0x00000164e55c9b30 method=java.lang.String.substring(I)Ljava/lang/String; @ 34 c2
Event: 38.544 Thread 0x00000164f1009000 DEOPT PACKING pc=0x00000164e55c9b30 sp=0x00000045a58fcb20
Event: 38.544 Thread 0x00000164f1009000 DEOPT UNPACKING pc=0x00000164ddada1af sp=0x00000045a58fcaf8 mode 2

Classes redefined (0 events):
No events

Internal exceptions (20 events):
Event: 1.990 Thread 0x00000164d5310800 Exception <a 'java/lang/NoSuchMethodError'{0x00000000efd21570}: 'int java.lang.invoke.DirectMethodHandle$Holder.invokeStaticInit(java.lang.Object, java.lang.Object)'> (0x00000000efd21570) thrown at [./src/hotspot/share/interpreter/linkResolver.cpp, line 773]
Event: 2.122 Thread 0x00000164d5310800 Exception <a 'java/lang/NoSuchMethodError'{0x00000000efdf11d0}: 'int java.lang.invoke.DirectMethodHandle$Holder.invokeSpecial(java.lang.Object, java.lang.Object, java.lang.Object, java.lang.Object)'> (0x00000000efdf11d0) thrown at [./src/hotspot/share/interpreter/linkResolver.cpp, line 773]
Event: 15.930 Thread 0x00000164d5310800 Exception <a 'java/lang/NoClassDefFoundError'{0x00000000efe51388}: org/slf4j/impl/StaticMarkerBinder> (0x00000000efe51388) thrown at [./src/hotspot/share/classfile/systemDictionary.cpp, line 219]
Event: 16.085 Thread 0x00000164d5310800 Exception <a 'java/lang/NoSuchMethodError'{0x00000000efb99450}: 'java.lang.Object java.lang.invoke.DirectMethodHandle$Holder.invokeVirtual(java.lang.Object, java.lang.Object, java.lang.Object, java.lang.Object, java.lang.Object, java.lang.Object, java.lang.Object)'> (0x00000000efb99450) thrown at [./src/hotspot/share/interpreter/linkResolver.cpp, line 773]
Event: 16.089 Thread 0x00000164d5310800 Exception <a 'java/lang/NoSuchMethodError'{0x00000000efbad820}: 'java.lang.Object java.lang.invoke.Invokers$Holder.invoker(java.lang.Object, java.lang.Object, java.lang.Object)'> (0x00000000efbad820) thrown at [./src/hotspot/share/interpreter/linkResolver.cpp, line 773]
Event: 16.096 Thread 0x00000164d5310800 Exception <a 'java/lang/NoSuchMethodError'{0x00000000efbbe898}: 'void java.lang.invoke.DelegatingMethodHandle$Holder.delegate(java.lang.Object, java.lang.Object, int, java.lang.Object)'> (0x00000000efbbe898) thrown at [./src/hotspot/share/interpreter/linkResolver.cpp, line 773]
Event: 33.140 Thread 0x00000164d5310800 Exception <a 'java/security/PrivilegedActionException'{0x00000000efe69518}> (0x00000000efe69518) thrown at [./src/hotspot/share/prims/jvm.cpp, line 1306]
Event: 33.140 Thread 0x00000164d5310800 Exception <a 'java/security/PrivilegedActionException'{0x00000000efe69a90}> (0x00000000efe69a90) thrown at [./src/hotspot/share/prims/jvm.cpp, line 1306]
Event: 36.298 Thread 0x00000164d5310800 Exception <a 'java/lang/NoSuchMethodError'{0x00000000eec5adf0}: 'java.lang.Object java.lang.invoke.DirectMethodHandle$Holder.invokeStaticInit(java.lang.Object, java.lang.Object, java.lang.Object)'> (0x00000000eec5adf0) thrown at [./src/hotspot/share/interpreter/linkResolver.cpp, line 773]
Event: 36.556 Thread 0x00000164d5310800 Exception <a 'java/lang/NoSuchMethodError'{0x00000000ee5117a8}: 'java.lang.Object java.lang.invoke.DirectMethodHandle$Holder.invokeStaticInit(java.lang.Object, int, int, int, int)'> (0x00000000ee5117a8) thrown at [./src/hotspot/share/interpreter/linkResolver.cpp, line 773]
Event: 37.099 Thread 0x00000164d5310800 Exception <a 'java/lang/NoSuchMethodError'{0x00000000ee561b00}: 'java.lang.Object java.lang.invoke.DirectMethodHandle$Holder.invokeStaticInit(java.lang.Object, java.lang.Object, int, int, int, int)'> (0x00000000ee561b00) thrown at [./src/hotspot/share/interpreter/linkResolver.cpp, line 773]
Event: 37.906 Thread 0x00000164d5310800 Exception <a 'java/lang/NoSuchMethodError'{0x00000000ee44d2a0}: 'java.lang.Object java.lang.invoke.DirectMethodHandle$Holder.invokeStaticInit(java.lang.Object, int)'> (0x00000000ee44d2a0) thrown at [./src/hotspot/share/interpreter/linkResolver.cpp, line 773]
Event: 37.962 Thread 0x00000164d5310800 Exception <a 'java/io/IOException'{0x00000000ee3d9638}> (0x00000000ee3d9638) thrown at [./src/hotspot/share/prims/jni.cpp, line 617]
Event: 38.207 Thread 0x00000164f1009000 Exception <a 'java/lang/NoSuchMethodError'{0x00000000ed9e5000}: 'long java.lang.invoke.DirectMethodHandle$Holder.invokeInterface(java.lang.Object, java.lang.Object)'> (0x00000000ed9e5000) thrown at [./src/hotspot/share/interpreter/linkResolver.cpp, line 773]
Event: 38.210 Thread 0x00000164f1009000 Exception <a 'java/lang/NoSuchMethodError'{0x00000000ed9f20a0}: 'void java.lang.invoke.DelegatingMethodHandle$Holder.reinvoke_L(java.lang.Object, java.lang.Object, java.lang.Object, java.lang.Object, java.lang.Object, java.lang.Object, java.lang.Object)'> (0x00000000ed9f20a0) thrown at [./src/hotspot/share/interpreter/linkResolver.cpp, line 773]
Event: 38.348 Thread 0x00000164f1009000 Exception <a 'java/lang/NoSuchMethodError'{0x00000000efda3818}: 'void java.lang.invoke.DirectMethodHandle$Holder.invokeStaticInit(java.lang.Object)'> (0x00000000efda3818) thrown at [./src/hotspot/share/interpreter/linkResolver.cpp, line 773]
Event: 38.368 Thread 0x00000164f1009000 Exception <a 'java/lang/NoSuchMethodError'{0x00000000efc5ea40}: 'java.lang.Object java.lang.invoke.DirectMethodHandle$Holder.invokeStatic(java.lang.Object, java.lang.Object, java.lang.Object, int)'> (0x00000000efc5ea40) thrown at [./src/hotspot/share/interpreter/linkResolver.cpp, line 773]
Event: 38.369 Thread 0x00000164f1009000 Exception <a 'java/lang/NoSuchMethodError'{0x00000000efc62c08}: 'java.lang.Object java.lang.invoke.DirectMethodHandle$Holder.invokeSpecial(java.lang.Object, java.lang.Object, java.lang.Object, java.lang.Object, int)'> (0x00000000efc62c08) thrown at [./src/hotspot/share/interpreter/linkResolver.cpp, line 773]
Event: 38.369 Thread 0x00000164f1009000 Exception <a 'java/lang/NoSuchMethodError'{0x00000000efc9ed78}: 'java.lang.Object java.lang.invoke.Invokers$Holder.linkToTargetMethod(java.lang.Object, java.lang.Object, int, java.lang.Object)'> (0x00000000efc9ed78) thrown at [./src/hotspot/share/interpreter/linkResolver.cpp, line 773]
Event: 38.573 Thread 0x00000164f1009000 Exception <a 'java/lang/NoSuchMethodError'{0x00000000ef3c8090}: 'java.lang.Object java.lang.invoke.Invokers$Holder.linkToTargetMethod(java.lang.Object, java.lang.Object, java.lang.Object, java.lang.Object, java.lang.Object, java.lang.Object)'> (0x00000000ef3c8090) thrown at [./src/hotspot/share/interpreter/linkResolver.cpp, line 773]

Events (20 events):
Event: 38.725 loading class org/gradle/plugin/use/resolve/service/internal/InjectedClasspathInstrumentationStrategy done
Event: 38.725 loading class org/gradle/configurationcache/VintageBuildTreeLifecycleControllerFactory
Event: 38.725 loading class org/gradle/configurationcache/VintageBuildTreeLifecycleControllerFactory done
Event: 38.726 loading class org/gradle/internal/buildtree/BuildTreeLifecycleControllerFactory
Event: 38.726 loading class org/gradle/internal/buildtree/BuildTreeLifecycleControllerFactory done
Event: 38.726 loading class org/gradle/configurationcache/DefaultBuildTreeModelControllerServices$VintageBuildTreeProvider
Event: 38.726 loading class org/gradle/configurationcache/DefaultBuildTreeModelControllerServices$VintageBuildTreeProvider done
Event: 38.727 loading class org/gradle/internal/buildtree/DefaultBuildTreeContext
Event: 38.727 loading class org/gradle/internal/buildtree/DefaultBuildTreeContext done
Event: 38.727 loading class org/gradle/internal/buildtree/BuildTreeContext
Event: 38.727 loading class org/gradle/internal/buildtree/BuildTreeContext done
Event: 38.728 loading class org/gradle/internal/invocation/BuildAction
Event: 38.728 loading class org/gradle/internal/invocation/BuildAction done
Event: 38.728 loading class org/gradle/internal/buildtree/BuildTreeContext
Event: 38.728 loading class org/gradle/internal/buildtree/BuildTreeContext done
Event: 38.728 loading class org/gradle/internal/invocation/BuildAction
Event: 38.728 loading class org/gradle/internal/invocation/BuildAction done
Event: 38.729 loading class org/gradle/api/NonNullApi
Event: 38.729 loading class org/gradle/api/NonNullApi done
Event: 38.731 Executing VM operation: CollectForMetadataAllocation


Dynamic libraries:
0x00007ff78ff10000 - 0x00007ff78ff1d000 	C:\Users\user\.jdks\corretto-11.0.18\bin\java.exe
0x00007ffa77790000 - 0x00007ffa77988000 	C:\Windows\SYSTEM32\ntdll.dll
0x00007ffa51a70000 - 0x00007ffa51a89000 	C:\Program Files\Avast Software\Avast\aswhook.dll
0x00007ffa765b0000 - 0x00007ffa7666d000 	C:\Windows\System32\KERNEL32.DLL
0x00007ffa75370000 - 0x00007ffa7563e000 	C:\Windows\System32\KERNELBASE.dll
0x00007ffa756f0000 - 0x00007ffa757f0000 	C:\Windows\System32\ucrtbase.dll
0x00007ffa5d760000 - 0x00007ffa5d779000 	C:\Users\user\.jdks\corretto-11.0.18\bin\VCRUNTIME140.dll
0x00007ffa5dc40000 - 0x00007ffa5dc57000 	C:\Users\user\.jdks\corretto-11.0.18\bin\jli.dll
0x00007ffa75e00000 - 0x00007ffa75fa0000 	C:\Windows\System32\USER32.dll
0x00007ffa75340000 - 0x00007ffa75362000 	C:\Windows\System32\win32u.dll
0x00007ffa76720000 - 0x00007ffa7674a000 	C:\Windows\System32\GDI32.dll
0x00007ffa67500000 - 0x00007ffa6779a000 	C:\Windows\WinSxS\amd64_microsoft.windows.common-controls_6595b64144ccf1df_6.0.19041.1110_none_60b5254171f9507e\COMCTL32.dll
0x00007ffa75200000 - 0x00007ffa7530b000 	C:\Windows\System32\gdi32full.dll
0x00007ffa75110000 - 0x00007ffa751ad000 	C:\Windows\System32\msvcp_win.dll
0x00007ffa776b0000 - 0x00007ffa7774e000 	C:\Windows\System32\msvcrt.dll
0x00007ffa76320000 - 0x00007ffa76350000 	C:\Windows\System32\IMM32.DLL
0x00007ffa4b710000 - 0x00007ffa4b7ab000 	C:\Users\user\.jdks\corretto-11.0.18\bin\msvcp140.dll
0x00007ffa1ce40000 - 0x00007ffa1d9ca000 	C:\Users\user\.jdks\corretto-11.0.18\bin\server\jvm.dll
0x00007ffa76430000 - 0x00007ffa764de000 	C:\Windows\System32\ADVAPI32.dll
0x00007ffa77450000 - 0x00007ffa774ec000 	C:\Windows\System32\sechost.dll
0x00007ffa77570000 - 0x00007ffa77695000 	C:\Windows\System32\RPCRT4.dll
0x00007ffa776a0000 - 0x00007ffa776a8000 	C:\Windows\System32\PSAPI.DLL
0x00007ffa637c0000 - 0x00007ffa637c9000 	C:\Windows\SYSTEM32\WSOCK32.dll
0x00007ffa757f0000 - 0x00007ffa7585b000 	C:\Windows\System32\WS2_32.dll
0x00007ffa62380000 - 0x00007ffa623a7000 	C:\Windows\SYSTEM32\WINMM.dll
0x00007ffa6bbf0000 - 0x00007ffa6bbfa000 	C:\Windows\SYSTEM32\VERSION.dll
0x00007ffa72c90000 - 0x00007ffa72ca2000 	C:\Windows\SYSTEM32\kernel.appcore.dll
0x00007ffa6dbb0000 - 0x00007ffa6dbc0000 	C:\Users\user\.jdks\corretto-11.0.18\bin\verify.dll
0x00007ffa68750000 - 0x00007ffa68934000 	C:\Windows\SYSTEM32\DBGHELP.DLL
0x00007ffa68720000 - 0x00007ffa6874c000 	C:\Windows\SYSTEM32\dbgcore.DLL
0x00007ffa75080000 - 0x00007ffa75102000 	C:\Windows\System32\bcryptPrimitives.dll
0x00007ffa4f500000 - 0x00007ffa4f528000 	C:\Users\user\.jdks\corretto-11.0.18\bin\java.dll
0x00007ffa65520000 - 0x00007ffa6552a000 	C:\Users\user\.jdks\corretto-11.0.18\bin\jimage.dll
0x00007ffa6d910000 - 0x00007ffa6d928000 	C:\Users\user\.jdks\corretto-11.0.18\bin\zip.dll
0x00007ffa76750000 - 0x00007ffa76e94000 	C:\Windows\System32\SHELL32.dll
0x00007ffa72f70000 - 0x00007ffa73704000 	C:\Windows\SYSTEM32\windows.storage.dll
0x00007ffa76f60000 - 0x00007ffa772b4000 	C:\Windows\System32\combase.dll
0x00007ffa74760000 - 0x00007ffa74790000 	C:\Windows\SYSTEM32\Wldp.dll
0x00007ffa76670000 - 0x00007ffa7671d000 	C:\Windows\System32\SHCORE.dll
0x00007ffa76f00000 - 0x00007ffa76f55000 	C:\Windows\System32\shlwapi.dll
0x00007ffa74df0000 - 0x00007ffa74e0f000 	C:\Windows\SYSTEM32\profapi.dll
0x00007ffa5e3e0000 - 0x00007ffa5e3f9000 	C:\Users\user\.jdks\corretto-11.0.18\bin\net.dll
0x00007ffa66da0000 - 0x00007ffa66eaa000 	C:\Windows\SYSTEM32\WINHTTP.dll
0x00007ffa74540000 - 0x00007ffa745aa000 	C:\Windows\system32\mswsock.dll
0x00007ffa5e3c0000 - 0x00007ffa5e3d3000 	C:\Users\user\.jdks\corretto-11.0.18\bin\nio.dll
0x00007ffa61ef0000 - 0x00007ffa61f17000 	C:\Users\user\.gradle\native\68d5fa5c4cc2d200863cafc0d521ce42e7d3e7ee720ec0a83991735586a16f82\windows-amd64\native-platform.dll
0x00007ffa4a4c0000 - 0x00007ffa4a604000 	C:\Users\user\.gradle\native\e376f236ea51e6404a007f0833ffe2c6e607c4080706a723a18a27aeea778392\windows-amd64\native-platform-file-events.dll
0x00007ffa6c330000 - 0x00007ffa6c339000 	C:\Users\user\.jdks\corretto-11.0.18\bin\management.dll
0x00007ffa6c0f0000 - 0x00007ffa6c0fb000 	C:\Users\user\.jdks\corretto-11.0.18\bin\management_ext.dll
0x00007ffa74aa0000 - 0x00007ffa74ab8000 	C:\Windows\SYSTEM32\CRYPTSP.dll
0x00007ffa73ee0000 - 0x00007ffa73f14000 	C:\Windows\system32\rsaenh.dll
0x00007ffa75310000 - 0x00007ffa75337000 	C:\Windows\System32\bcrypt.dll
0x00007ffa74db0000 - 0x00007ffa74dde000 	C:\Windows\SYSTEM32\USERENV.dll
0x00007ffa746d0000 - 0x00007ffa746dc000 	C:\Windows\SYSTEM32\CRYPTBASE.dll
0x00007ffa74250000 - 0x00007ffa7428b000 	C:\Windows\SYSTEM32\IPHLPAPI.DLL
0x00007ffa76420000 - 0x00007ffa76428000 	C:\Windows\System32\NSI.dll
0x00007ffa67c00000 - 0x00007ffa67c17000 	C:\Windows\SYSTEM32\dhcpcsvc6.DLL
0x00007ffa67be0000 - 0x00007ffa67bfd000 	C:\Windows\SYSTEM32\dhcpcsvc.DLL
0x00007ffa74290000 - 0x00007ffa7435b000 	C:\Windows\SYSTEM32\DNSAPI.dll

dbghelp: loaded successfully - version: 4.0.5 - missing functions: none
symbol engine: initialized successfully - sym options: 0x614 - pdb path: .;C:\Users\user\.jdks\corretto-11.0.18\bin;C:\Windows\SYSTEM32;C:\Program Files\Avast Software\Avast;C:\Windows\WinSxS\amd64_microsoft.windows.common-controls_6595b64144ccf1df_6.0.19041.1110_none_60b5254171f9507e;C:\Users\user\.jdks\corretto-11.0.18\bin\server;C:\Users\user\.gradle\native\68d5fa5c4cc2d200863cafc0d521ce42e7d3e7ee720ec0a83991735586a16f82\windows-amd64;C:\Users\user\.gradle\native\e376f236ea51e6404a007f0833ffe2c6e607c4080706a723a18a27aeea778392\windows-amd64

VM Arguments:
jvm_args: --add-opens=java.base/java.util=ALL-UNNAMED --add-opens=java.base/java.lang=ALL-UNNAMED --add-opens=java.base/java.lang.invoke=ALL-UNNAMED --add-opens=java.prefs/java.util.prefs=ALL-UNNAMED --add-opens=java.base/java.nio.charset=ALL-UNNAMED --add-opens=java.base/java.net=ALL-UNNAMED --add-opens=java.base/java.util.concurrent.atomic=ALL-UNNAMED -XX:MaxMetaspaceSize=256m -XX:+HeapDumpOnOutOfMemoryError -Xms256m -Xmx512m -Dfile.encoding=windows-1251 -Duser.country=RU -Duser.language=ru -Duser.variant 
java_command: org.gradle.launcher.daemon.bootstrap.GradleDaemon 7.6
java_class_path (initial): C:\Users\user\.gradle\wrapper\dists\gradle-7.6-bin\9l9tetv7ltxvx3i8an4pb86ye\gradle-7.6\lib\gradle-launcher-7.6.jar
Launcher Type: SUN_STANDARD

[Global flags]
     intx CICompilerCount                          = 3                                         {product} {ergonomic}
   size_t CompressedClassSpaceSize                 = 260046848                                 {product} {ergonomic}
     uint ConcGCThreads                            = 1                                         {product} {ergonomic}
     uint G1ConcRefinementThreads                  = 4                                         {product} {ergonomic}
   size_t G1HeapRegionSize                         = 1048576                                   {product} {ergonomic}
    uintx GCDrainStackTargetSize                   = 64                                        {product} {ergonomic}
     bool HeapDumpOnOutOfMemoryError               = true                                   {manageable} {command line}
   size_t InitialHeapSize                          = 268435456                                 {product} {command line}
   size_t MarkStackSize                            = 4194304                                   {product} {ergonomic}
   size_t MaxHeapSize                              = 536870912                                 {product} {command line}
   size_t MaxMetaspaceSize                         = 268435456                                 {product} {command line}
   size_t MaxNewSize                               = 321912832                                 {product} {ergonomic}
   size_t MinHeapDeltaBytes                        = 1048576                                   {product} {ergonomic}
    uintx NonNMethodCodeHeapSize                   = 5830732                                {pd product} {ergonomic}
    uintx NonProfiledCodeHeapSize                  = 122913754                              {pd product} {ergonomic}
    uintx ProfiledCodeHeapSize                     = 122913754                              {pd product} {ergonomic}
    uintx ReservedCodeCacheSize                    = 251658240                              {pd product} {ergonomic}
     bool SegmentedCodeCache                       = true                                      {product} {ergonomic}
     bool UseCompressedClassPointers               = true                                 {lp64_product} {ergonomic}
     bool UseCompressedOops                        = true                                 {lp64_product} {ergonomic}
     bool UseG1GC                                  = true                                      {product} {ergonomic}
     bool UseLargePagesIndividualAllocation        = false                                  {pd product} {ergonomic}

Logging:
Log output configuration:
 #0: stdout all=warning uptime,level,tags
 #1: stderr all=off uptime,level,tags

Environment Variables:
PATH=C:\Program Files\Eclipse Adoptium\jdk-11.0.18.10-hotspot\bin;C:\Windows\system32;C:\Windows;C:\Windows\System32\Wbem;C:\Windows\System32\WindowsPowerShell\v1.0\;C:\Windows\System32\OpenSSH\;C:\Program Files\7-Zip;C:\Program Files\Git\cmd;C:\Program Files\Docker\Docker\resources\bin;C:\Program Files\nodejs\;C:\Users\user\AppData\Local\Microsoft\WindowsApps;;C:\Users\user\AppData\Local\Programs\Microsoft VS Code\bin;C:\Program Files\JetBrains\IntelliJ IDEA 2022.3.3\bin;;C:\Program Files\JetBrains\IntelliJ IDEA Community Edition 2023.1\bin;;C:\Users\user\AppData\Roaming\npm
USERNAME=user
OS=Windows_NT
PROCESSOR_IDENTIFIER=Intel64 Family 6 Model 42 Stepping 7, GenuineIntel
TMP=C:\Users\user\AppData\Local\Temp
TEMP=C:\Users\user\AppData\Local\Temp



---------------  S Y S T E M  ---------------

OS: Windows 10 , 64 bit Build 19041 (10.0.19041.1806)
OS uptime: 7 days 1:34 hours
Hyper-V role detected

CPU:total 4 (initial active 4) (2 cores per cpu, 2 threads per core) family 6 model 42 stepping 7 microcode 0x2f, cmov, cx8, fxsr, mmx, sse, sse2, sse3, ssse3, sse4.1, sse4.2, popcnt, avx, aes, clmul, ht, tsc, tscinvbit

Memory: 4k page, system-wide physical 8139M (2974M free)
TotalPageFile size 13327M (AvailPageFile size 7244M)
current process WorkingSet (physical memory assigned to process): 163M, peak: 163M
current process commit charge ("private bytes"): 391M, peak: 391M

vm_info: OpenJDK 64-Bit Server VM (11.0.18+10-LTS) for windows-amd64 JRE (11.0.18+10-LTS), built on Jan 10 2023 20:17:52 by "Administrator" with MS VC++ 15.9 (VS2017)

END.
